{"C:\\Work\\fildon\\boids\\src\\entry.ts": {"path":"C:\\Work\\fildon\\boids\\src\\entry.ts","statementMap":{"0":{"start":{"line":3,"column":0},"end":{"line":5,"column":10}},"1":{"start":{"line":4,"column":2},"end":{"line":4,"column":42}}},"fnMap":{"0":{"name":"(anonymous_0)","decl":{"start":{"line":3,"column":46},"end":{"line":3,"column":47}},"loc":{"start":{"line":3,"column":52},"end":{"line":5,"column":1}},"line":3}},"branchMap":{},"s":{"0":0,"1":0},"f":{"0":0},"b":{}}
,"C:\\Work\\fildon\\boids\\src\\creatures\\behaviour.ts": {"path":"C:\\Work\\fildon\\boids\\src\\creatures\\behaviour.ts","statementMap":{"0":{"start":{"line":11,"column":28},"end":{"line":11,"column":58}},"1":{"start":{"line":12,"column":4},"end":{"line":17,"column":5}},"2":{"start":{"line":13,"column":6},"end":{"line":16,"column":8}},"3":{"start":{"line":18,"column":4},"end":{"line":18,"column":16}}},"fnMap":{"0":{"name":"(anonymous_0)","decl":{"start":{"line":5,"column":2},"end":{"line":5,"column":3}},"loc":{"start":{"line":8,"column":4},"end":{"line":9,"column":3}},"line":8},"1":{"name":"(anonymous_1)","decl":{"start":{"line":10,"column":2},"end":{"line":10,"column":3}},"loc":{"start":{"line":10,"column":47},"end":{"line":19,"column":3}},"line":10}},"branchMap":{"0":{"loc":{"start":{"line":12,"column":4},"end":{"line":17,"column":5}},"type":"if","locations":[{"start":{"line":12,"column":4},"end":{"line":17,"column":5}},{"start":{"line":12,"column":4},"end":{"line":17,"column":5}}],"line":12}},"s":{"0":8,"1":8,"2":0,"3":8},"f":{"0":72,"1":8},"b":{"0":[0,8]},"_coverageSchema":"1a1c01bbd47fc00a2c39e90264f33305004495a9","hash":"a171d74d268677eb2e073eaefd53b6fbbec83b10"}
,"C:\\Work\\fildon\\boids\\src\\creatures\\behaviourControlledCreature.ts": {"path":"C:\\Work\\fildon\\boids\\src\\creatures\\behaviourControlledCreature.ts","statementMap":{"0":{"start":{"line":11,"column":18},"end":{"line":11,"column":25}},"1":{"start":{"line":16,"column":29},"end":{"line":16,"column":31}},"2":{"start":{"line":23,"column":4},"end":{"line":23,"column":12}},"3":{"start":{"line":24,"column":4},"end":{"line":27,"column":6}},"4":{"start":{"line":28,"column":4},"end":{"line":30,"column":5}},"5":{"start":{"line":28,"column":17},"end":{"line":28,"column":18}},"6":{"start":{"line":29,"column":6},"end":{"line":29,"column":39}},"7":{"start":{"line":31,"column":4},"end":{"line":31,"column":30}},"8":{"start":{"line":37,"column":4},"end":{"line":37,"column":53}},"9":{"start":{"line":43,"column":4},"end":{"line":43,"column":25}},"10":{"start":{"line":44,"column":4},"end":{"line":44,"column":67}},"11":{"start":{"line":45,"column":4},"end":{"line":45,"column":25}},"12":{"start":{"line":49,"column":23},"end":{"line":49,"column":116}},"13":{"start":{"line":49,"column":66},"end":{"line":49,"column":115}},"14":{"start":{"line":50,"column":4},"end":{"line":53,"column":5}},"15":{"start":{"line":51,"column":6},"end":{"line":51,"column":30}},"16":{"start":{"line":52,"column":6},"end":{"line":52,"column":13}},"17":{"start":{"line":54,"column":4},"end":{"line":54,"column":38}},"18":{"start":{"line":55,"column":4},"end":{"line":55,"column":109}},"19":{"start":{"line":55,"column":82},"end":{"line":55,"column":105}},"20":{"start":{"line":59,"column":4},"end":{"line":64,"column":20}},"21":{"start":{"line":60,"column":26},"end":{"line":60,"column":56}},"22":{"start":{"line":62,"column":8},"end":{"line":63,"column":79}},"23":{"start":{"line":68,"column":4},"end":{"line":68,"column":37}},"24":{"start":{"line":69,"column":4},"end":{"line":69,"column":94}},"25":{"start":{"line":70,"column":23},"end":{"line":70,"column":98}},"26":{"start":{"line":71,"column":4},"end":{"line":71,"column":45}},"27":{"start":{"line":75,"column":4},"end":{"line":77,"column":5}},"28":{"start":{"line":76,"column":6},"end":{"line":76,"column":13}},"29":{"start":{"line":78,"column":23},"end":{"line":78,"column":86}},"30":{"start":{"line":79,"column":4},"end":{"line":83,"column":49}},"31":{"start":{"line":84,"column":4},"end":{"line":84,"column":30}},"32":{"start":{"line":86,"column":22},"end":{"line":86,"column":53}},"33":{"start":{"line":87,"column":24},"end":{"line":90,"column":5}},"34":{"start":{"line":92,"column":4},"end":{"line":94,"column":86}},"35":{"start":{"line":98,"column":4},"end":{"line":100,"column":5}},"36":{"start":{"line":99,"column":6},"end":{"line":99,"column":74}},"37":{"start":{"line":101,"column":4},"end":{"line":113,"column":15}},"38":{"start":{"line":102,"column":30},"end":{"line":102,"column":77}},"39":{"start":{"line":103,"column":6},"end":{"line":108,"column":7}},"40":{"start":{"line":104,"column":8},"end":{"line":107,"column":10}},"41":{"start":{"line":109,"column":6},"end":{"line":109,"column":22}}},"fnMap":{"0":{"name":"(anonymous_0)","decl":{"start":{"line":18,"column":2},"end":{"line":18,"column":3}},"loc":{"start":{"line":22,"column":4},"end":{"line":32,"column":3}},"line":22},"1":{"name":"(anonymous_1)","decl":{"start":{"line":36,"column":2},"end":{"line":36,"column":3}},"loc":{"start":{"line":36,"column":56},"end":{"line":38,"column":3}},"line":36},"2":{"name":"(anonymous_2)","decl":{"start":{"line":42,"column":2},"end":{"line":42,"column":3}},"loc":{"start":{"line":42,"column":22},"end":{"line":46,"column":3}},"line":42},"3":{"name":"(anonymous_3)","decl":{"start":{"line":48,"column":2},"end":{"line":48,"column":3}},"loc":{"start":{"line":48,"column":31},"end":{"line":56,"column":3}},"line":48},"4":{"name":"(anonymous_4)","decl":{"start":{"line":49,"column":56},"end":{"line":49,"column":57}},"loc":{"start":{"line":49,"column":66},"end":{"line":49,"column":115}},"line":49},"5":{"name":"(anonymous_5)","decl":{"start":{"line":55,"column":68},"end":{"line":55,"column":69}},"loc":{"start":{"line":55,"column":82},"end":{"line":55,"column":105}},"line":55},"6":{"name":"(anonymous_6)","decl":{"start":{"line":58,"column":2},"end":{"line":58,"column":3}},"loc":{"start":{"line":58,"column":44},"end":{"line":65,"column":3}},"line":58},"7":{"name":"(anonymous_7)","decl":{"start":{"line":60,"column":11},"end":{"line":60,"column":12}},"loc":{"start":{"line":60,"column":26},"end":{"line":60,"column":56}},"line":60},"8":{"name":"(anonymous_8)","decl":{"start":{"line":61,"column":14},"end":{"line":61,"column":15}},"loc":{"start":{"line":62,"column":8},"end":{"line":63,"column":79}},"line":62},"9":{"name":"(anonymous_9)","decl":{"start":{"line":67,"column":2},"end":{"line":67,"column":3}},"loc":{"start":{"line":67,"column":34},"end":{"line":72,"column":3}},"line":67},"10":{"name":"(anonymous_10)","decl":{"start":{"line":74,"column":2},"end":{"line":74,"column":3}},"loc":{"start":{"line":74,"column":59},"end":{"line":95,"column":3}},"line":74},"11":{"name":"(anonymous_11)","decl":{"start":{"line":97,"column":2},"end":{"line":97,"column":3}},"loc":{"start":{"line":97,"column":68},"end":{"line":114,"column":3}},"line":97},"12":{"name":"(anonymous_12)","decl":{"start":{"line":101,"column":28},"end":{"line":101,"column":29}},"loc":{"start":{"line":101,"column":51},"end":{"line":110,"column":5}},"line":101}},"branchMap":{"0":{"loc":{"start":{"line":19,"column":20},"end":{"line":19,"column":34}},"type":"default-arg","locations":[{"start":{"line":19,"column":33},"end":{"line":19,"column":34}}],"line":19},"1":{"loc":{"start":{"line":24,"column":20},"end":{"line":27,"column":5}},"type":"binary-expr","locations":[{"start":{"line":24,"column":20},"end":{"line":24,"column":28}},{"start":{"line":24,"column":32},"end":{"line":27,"column":5}}],"line":24},"2":{"loc":{"start":{"line":50,"column":4},"end":{"line":53,"column":5}},"type":"if","locations":[{"start":{"line":50,"column":4},"end":{"line":53,"column":5}},{"start":{"line":50,"column":4},"end":{"line":53,"column":5}}],"line":50},"3":{"loc":{"start":{"line":62,"column":8},"end":{"line":63,"column":79}},"type":"binary-expr","locations":[{"start":{"line":62,"column":8},"end":{"line":62,"column":16}},{"start":{"line":63,"column":8},"end":{"line":63,"column":45}},{"start":{"line":63,"column":49},"end":{"line":63,"column":79}}],"line":62},"4":{"loc":{"start":{"line":75,"column":4},"end":{"line":77,"column":5}},"type":"if","locations":[{"start":{"line":75,"column":4},"end":{"line":77,"column":5}},{"start":{"line":75,"column":4},"end":{"line":77,"column":5}}],"line":75},"5":{"loc":{"start":{"line":98,"column":4},"end":{"line":100,"column":5}},"type":"if","locations":[{"start":{"line":98,"column":4},"end":{"line":100,"column":5}},{"start":{"line":98,"column":4},"end":{"line":100,"column":5}}],"line":98},"6":{"loc":{"start":{"line":103,"column":6},"end":{"line":108,"column":7}},"type":"if","locations":[{"start":{"line":103,"column":6},"end":{"line":108,"column":7}},{"start":{"line":103,"column":6},"end":{"line":108,"column":7}}],"line":103}},"s":{"0":18,"1":18,"2":18,"3":18,"4":18,"5":18,"6":90,"7":18,"8":0,"9":1,"10":1,"11":1,"12":2,"13":0,"14":2,"15":2,"16":2,"17":0,"18":0,"19":0,"20":2,"21":8,"22":8,"23":2,"24":2,"25":2,"26":2,"27":2,"28":0,"29":2,"30":2,"31":2,"32":2,"33":2,"34":2,"35":2,"36":0,"37":2,"38":3,"39":3,"40":0,"41":3},"f":{"0":18,"1":0,"2":1,"3":2,"4":0,"5":0,"6":2,"7":8,"8":8,"9":2,"10":2,"11":2,"12":3},"b":{"0":[0],"1":[18,18],"2":[2,0],"3":[8,0,0],"4":[0,2],"5":[0,2],"6":[0,3]},"_coverageSchema":"1a1c01bbd47fc00a2c39e90264f33305004495a9","hash":"f65b618a974a67ba3d74369cb5bf25b99092fa40"}
,"C:\\Work\\fildon\\boids\\src\\creatures\\boid.ts": {"path":"C:\\Work\\fildon\\boids\\src\\creatures\\boid.ts","statementMap":{"0":{"start":{"line":8,"column":25},"end":{"line":8,"column":50}},"1":{"start":{"line":9,"column":20},"end":{"line":9,"column":40}},"2":{"start":{"line":10,"column":20},"end":{"line":10,"column":40}},"3":{"start":{"line":11,"column":16},"end":{"line":11,"column":32}},"4":{"start":{"line":12,"column":25},"end":{"line":12,"column":26}},"5":{"start":{"line":13,"column":19},"end":{"line":13,"column":46}},"6":{"start":{"line":14,"column":17},"end":{"line":14,"column":37}},"7":{"start":{"line":15,"column":22},"end":{"line":20,"column":3}},"8":{"start":{"line":16,"column":24},"end":{"line":16,"column":44}},"9":{"start":{"line":16,"column":52},"end":{"line":16,"column":57}},"10":{"start":{"line":17,"column":24},"end":{"line":17,"column":40}},"11":{"start":{"line":17,"column":48},"end":{"line":17,"column":85}},"12":{"start":{"line":18,"column":24},"end":{"line":18,"column":40}},"13":{"start":{"line":18,"column":48},"end":{"line":18,"column":83}},"14":{"start":{"line":19,"column":24},"end":{"line":19,"column":41}},"15":{"start":{"line":19,"column":49},"end":{"line":19,"column":85}},"16":{"start":{"line":23,"column":4},"end":{"line":23,"column":47}},"17":{"start":{"line":24,"column":4},"end":{"line":24,"column":38}},"18":{"start":{"line":28,"column":4},"end":{"line":30,"column":5}},"19":{"start":{"line":29,"column":6},"end":{"line":29,"column":27}},"20":{"start":{"line":31,"column":4},"end":{"line":31,"column":16}},"21":{"start":{"line":35,"column":27},"end":{"line":38,"column":5}},"22":{"start":{"line":39,"column":4},"end":{"line":41,"column":5}},"23":{"start":{"line":40,"column":6},"end":{"line":40,"column":34}},"24":{"start":{"line":43,"column":4},"end":{"line":43,"column":50}},"25":{"start":{"line":45,"column":26},"end":{"line":47,"column":5}},"26":{"start":{"line":49,"column":23},"end":{"line":49,"column":69}},"27":{"start":{"line":51,"column":4},"end":{"line":55,"column":6}},"28":{"start":{"line":59,"column":23},"end":{"line":62,"column":37}},"29":{"start":{"line":62,"column":23},"end":{"line":62,"column":36}},"30":{"start":{"line":63,"column":4},"end":{"line":65,"column":5}},"31":{"start":{"line":64,"column":6},"end":{"line":64,"column":34}},"32":{"start":{"line":67,"column":29},"end":{"line":73,"column":6}},"33":{"start":{"line":69,"column":6},"end":{"line":69,"column":47}},"34":{"start":{"line":70,"column":22},"end":{"line":73,"column":5}},"35":{"start":{"line":74,"column":24},"end":{"line":76,"column":9}},"36":{"start":{"line":75,"column":6},"end":{"line":75,"column":44}},"37":{"start":{"line":78,"column":4},"end":{"line":81,"column":6}},"38":{"start":{"line":85,"column":22},"end":{"line":85,"column":65}},"39":{"start":{"line":86,"column":32},"end":{"line":86,"column":71}},"40":{"start":{"line":87,"column":30},"end":{"line":87,"column":62}},"41":{"start":{"line":88,"column":4},"end":{"line":88,"column":59}},"42":{"start":{"line":92,"column":23},"end":{"line":95,"column":37}},"43":{"start":{"line":95,"column":23},"end":{"line":95,"column":36}},"44":{"start":{"line":96,"column":4},"end":{"line":98,"column":5}},"45":{"start":{"line":97,"column":6},"end":{"line":97,"column":34}},"46":{"start":{"line":99,"column":35},"end":{"line":103,"column":5}},"47":{"start":{"line":101,"column":8},"end":{"line":101,"column":35}},"48":{"start":{"line":104,"column":4},"end":{"line":109,"column":6}},"49":{"start":{"line":113,"column":23},"end":{"line":116,"column":37}},"50":{"start":{"line":116,"column":23},"end":{"line":116,"column":36}},"51":{"start":{"line":117,"column":4},"end":{"line":119,"column":5}},"52":{"start":{"line":118,"column":6},"end":{"line":118,"column":34}},"53":{"start":{"line":121,"column":29},"end":{"line":123,"column":5}},"54":{"start":{"line":125,"column":4},"end":{"line":133,"column":6}},"55":{"start":{"line":137,"column":4},"end":{"line":137,"column":41}}},"fnMap":{"0":{"name":"(anonymous_0)","decl":{"start":{"line":16,"column":18},"end":{"line":16,"column":19}},"loc":{"start":{"line":16,"column":24},"end":{"line":16,"column":44}},"line":16},"1":{"name":"(anonymous_1)","decl":{"start":{"line":16,"column":46},"end":{"line":16,"column":47}},"loc":{"start":{"line":16,"column":52},"end":{"line":16,"column":57}},"line":16},"2":{"name":"(anonymous_2)","decl":{"start":{"line":17,"column":18},"end":{"line":17,"column":19}},"loc":{"start":{"line":17,"column":24},"end":{"line":17,"column":40}},"line":17},"3":{"name":"(anonymous_3)","decl":{"start":{"line":17,"column":42},"end":{"line":17,"column":43}},"loc":{"start":{"line":17,"column":48},"end":{"line":17,"column":85}},"line":17},"4":{"name":"(anonymous_4)","decl":{"start":{"line":18,"column":18},"end":{"line":18,"column":19}},"loc":{"start":{"line":18,"column":24},"end":{"line":18,"column":40}},"line":18},"5":{"name":"(anonymous_5)","decl":{"start":{"line":18,"column":42},"end":{"line":18,"column":43}},"loc":{"start":{"line":18,"column":48},"end":{"line":18,"column":83}},"line":18},"6":{"name":"(anonymous_6)","decl":{"start":{"line":19,"column":18},"end":{"line":19,"column":19}},"loc":{"start":{"line":19,"column":24},"end":{"line":19,"column":41}},"line":19},"7":{"name":"(anonymous_7)","decl":{"start":{"line":19,"column":43},"end":{"line":19,"column":44}},"loc":{"start":{"line":19,"column":49},"end":{"line":19,"column":85}},"line":19},"8":{"name":"(anonymous_8)","decl":{"start":{"line":22,"column":2},"end":{"line":22,"column":3}},"loc":{"start":{"line":22,"column":36},"end":{"line":25,"column":3}},"line":22},"9":{"name":"(anonymous_9)","decl":{"start":{"line":27,"column":2},"end":{"line":27,"column":3}},"loc":{"start":{"line":27,"column":24},"end":{"line":32,"column":3}},"line":27},"10":{"name":"(anonymous_10)","decl":{"start":{"line":34,"column":2},"end":{"line":34,"column":3}},"loc":{"start":{"line":34,"column":41},"end":{"line":56,"column":3}},"line":34},"11":{"name":"(anonymous_11)","decl":{"start":{"line":58,"column":2},"end":{"line":58,"column":3}},"loc":{"start":{"line":58,"column":37},"end":{"line":82,"column":3}},"line":58},"12":{"name":"(anonymous_12)","decl":{"start":{"line":62,"column":13},"end":{"line":62,"column":14}},"loc":{"start":{"line":62,"column":23},"end":{"line":62,"column":36}},"line":62},"13":{"name":"(anonymous_13)","decl":{"start":{"line":68,"column":9},"end":{"line":68,"column":10}},"loc":{"start":{"line":69,"column":6},"end":{"line":69,"column":47}},"line":69},"14":{"name":"(anonymous_14)","decl":{"start":{"line":70,"column":10},"end":{"line":70,"column":11}},"loc":{"start":{"line":70,"column":22},"end":{"line":73,"column":5}},"line":70},"15":{"name":"(anonymous_15)","decl":{"start":{"line":74,"column":48},"end":{"line":74,"column":49}},"loc":{"start":{"line":74,"column":76},"end":{"line":76,"column":5}},"line":74},"16":{"name":"(anonymous_16)","decl":{"start":{"line":84,"column":2},"end":{"line":84,"column":3}},"loc":{"start":{"line":84,"column":53},"end":{"line":89,"column":3}},"line":84},"17":{"name":"(anonymous_17)","decl":{"start":{"line":91,"column":2},"end":{"line":91,"column":3}},"loc":{"start":{"line":91,"column":37},"end":{"line":110,"column":3}},"line":91},"18":{"name":"(anonymous_18)","decl":{"start":{"line":95,"column":13},"end":{"line":95,"column":14}},"loc":{"start":{"line":95,"column":23},"end":{"line":95,"column":36}},"line":95},"19":{"name":"(anonymous_19)","decl":{"start":{"line":100,"column":21},"end":{"line":100,"column":22}},"loc":{"start":{"line":100,"column":35},"end":{"line":102,"column":7}},"line":100},"20":{"name":"(anonymous_20)","decl":{"start":{"line":112,"column":2},"end":{"line":112,"column":3}},"loc":{"start":{"line":112,"column":38},"end":{"line":134,"column":3}},"line":112},"21":{"name":"(anonymous_21)","decl":{"start":{"line":116,"column":13},"end":{"line":116,"column":14}},"loc":{"start":{"line":116,"column":23},"end":{"line":116,"column":36}},"line":116},"22":{"name":"(anonymous_22)","decl":{"start":{"line":136,"column":2},"end":{"line":136,"column":3}},"loc":{"start":{"line":136,"column":21},"end":{"line":138,"column":3}},"line":136}},"branchMap":{"0":{"loc":{"start":{"line":17,"column":48},"end":{"line":17,"column":85}},"type":"cond-expr","locations":[{"start":{"line":17,"column":69},"end":{"line":17,"column":74}},{"start":{"line":17,"column":77},"end":{"line":17,"column":85}}],"line":17},"1":{"loc":{"start":{"line":18,"column":48},"end":{"line":18,"column":83}},"type":"cond-expr","locations":[{"start":{"line":18,"column":69},"end":{"line":18,"column":74}},{"start":{"line":18,"column":77},"end":{"line":18,"column":83}}],"line":18},"2":{"loc":{"start":{"line":19,"column":49},"end":{"line":19,"column":85}},"type":"cond-expr","locations":[{"start":{"line":19,"column":70},"end":{"line":19,"column":75}},{"start":{"line":19,"column":78},"end":{"line":19,"column":85}}],"line":19},"3":{"loc":{"start":{"line":28,"column":4},"end":{"line":30,"column":5}},"type":"if","locations":[{"start":{"line":28,"column":4},"end":{"line":30,"column":5}},{"start":{"line":28,"column":4},"end":{"line":30,"column":5}}],"line":28},"4":{"loc":{"start":{"line":39,"column":4},"end":{"line":41,"column":5}},"type":"if","locations":[{"start":{"line":39,"column":4},"end":{"line":41,"column":5}},{"start":{"line":39,"column":4},"end":{"line":41,"column":5}}],"line":39},"5":{"loc":{"start":{"line":63,"column":4},"end":{"line":65,"column":5}},"type":"if","locations":[{"start":{"line":63,"column":4},"end":{"line":65,"column":5}},{"start":{"line":63,"column":4},"end":{"line":65,"column":5}}],"line":63},"6":{"loc":{"start":{"line":96,"column":4},"end":{"line":98,"column":5}},"type":"if","locations":[{"start":{"line":96,"column":4},"end":{"line":98,"column":5}},{"start":{"line":96,"column":4},"end":{"line":98,"column":5}}],"line":96},"7":{"loc":{"start":{"line":105,"column":6},"end":{"line":107,"column":30}},"type":"cond-expr","locations":[{"start":{"line":106,"column":8},"end":{"line":106,"column":59}},{"start":{"line":107,"column":8},"end":{"line":107,"column":30}}],"line":105},"8":{"loc":{"start":{"line":117,"column":4},"end":{"line":119,"column":5}},"type":"if","locations":[{"start":{"line":117,"column":4},"end":{"line":119,"column":5}},{"start":{"line":117,"column":4},"end":{"line":119,"column":5}}],"line":117},"9":{"loc":{"start":{"line":129,"column":10},"end":{"line":131,"column":40}},"type":"cond-expr","locations":[{"start":{"line":130,"column":12},"end":{"line":130,"column":25}},{"start":{"line":131,"column":12},"end":{"line":131,"column":40}}],"line":129}},"s":{"0":18,"1":18,"2":18,"3":18,"4":18,"5":18,"6":18,"7":18,"8":2,"9":0,"10":2,"11":0,"12":2,"13":0,"14":2,"15":0,"16":18,"17":18,"18":1,"19":1,"20":1,"21":2,"22":2,"23":2,"24":0,"25":0,"26":0,"27":0,"28":4,"29":5,"30":4,"31":2,"32":2,"33":3,"34":3,"35":2,"36":3,"37":2,"38":3,"39":3,"40":3,"41":3,"42":2,"43":0,"44":2,"45":2,"46":0,"47":0,"48":0,"49":5,"50":5,"51":5,"52":3,"53":2,"54":2,"55":1},"f":{"0":2,"1":0,"2":2,"3":0,"4":2,"5":0,"6":2,"7":0,"8":18,"9":1,"10":2,"11":4,"12":5,"13":3,"14":3,"15":3,"16":3,"17":2,"18":0,"19":0,"20":5,"21":5,"22":1},"b":{"0":[0,0],"1":[0,0],"2":[0,0],"3":[1,0],"4":[2,0],"5":[2,2],"6":[2,0],"7":[0,0],"8":[3,2],"9":[0,2]},"_coverageSchema":"1a1c01bbd47fc00a2c39e90264f33305004495a9","hash":"3c6dacb9b43041ae3fa0b6d7df53f205bd7460ec"}
,"C:\\Work\\fildon\\boids\\src\\creatures\\creature.ts": {"path":"C:\\Work\\fildon\\boids\\src\\creatures\\creature.ts","statementMap":{"0":{"start":{"line":12,"column":4},"end":{"line":12,"column":53}},"1":{"start":{"line":18,"column":4},"end":{"line":18,"column":37}},"2":{"start":{"line":19,"column":4},"end":{"line":19,"column":41}},"3":{"start":{"line":23,"column":4},"end":{"line":23,"column":64}}},"fnMap":{"0":{"name":"(anonymous_0)","decl":{"start":{"line":11,"column":2},"end":{"line":11,"column":3}},"loc":{"start":{"line":11,"column":56},"end":{"line":13,"column":3}},"line":11},"1":{"name":"(anonymous_1)","decl":{"start":{"line":17,"column":2},"end":{"line":17,"column":3}},"loc":{"start":{"line":17,"column":31},"end":{"line":20,"column":3}},"line":17},"2":{"name":"(anonymous_2)","decl":{"start":{"line":22,"column":2},"end":{"line":22,"column":3}},"loc":{"start":{"line":22,"column":28},"end":{"line":24,"column":3}},"line":22}},"branchMap":{},"s":{"0":0,"1":1,"2":1,"3":3},"f":{"0":0,"1":1,"2":3},"b":{},"_coverageSchema":"1a1c01bbd47fc00a2c39e90264f33305004495a9","hash":"9e121334b546627fb5bdfd2b9ef8c4eacb60bf8f"}
,"C:\\Work\\fildon\\boids\\src\\creatures\\hunter.ts": {"path":"C:\\Work\\fildon\\boids\\src\\creatures\\hunter.ts","statementMap":{"0":{"start":{"line":8,"column":18},"end":{"line":8,"column":45}},"1":{"start":{"line":9,"column":20},"end":{"line":9,"column":42}},"2":{"start":{"line":10,"column":20},"end":{"line":10,"column":42}},"3":{"start":{"line":11,"column":16},"end":{"line":11,"column":34}},"4":{"start":{"line":12,"column":19},"end":{"line":12,"column":20}},"5":{"start":{"line":13,"column":17},"end":{"line":13,"column":18}},"6":{"start":{"line":14,"column":29},"end":{"line":14,"column":31}},"7":{"start":{"line":16,"column":42},"end":{"line":16,"column":51}},"8":{"start":{"line":24,"column":4},"end":{"line":24,"column":12}},"9":{"start":{"line":25,"column":4},"end":{"line":28,"column":6}},"10":{"start":{"line":29,"column":4},"end":{"line":31,"column":5}},"11":{"start":{"line":29,"column":17},"end":{"line":29,"column":18}},"12":{"start":{"line":30,"column":6},"end":{"line":30,"column":39}},"13":{"start":{"line":32,"column":4},"end":{"line":32,"column":30}},"14":{"start":{"line":33,"column":4},"end":{"line":33,"column":45}},"15":{"start":{"line":37,"column":4},"end":{"line":37,"column":47}},"16":{"start":{"line":38,"column":4},"end":{"line":38,"column":40}},"17":{"start":{"line":42,"column":4},"end":{"line":42,"column":15}},"18":{"start":{"line":43,"column":4},"end":{"line":43,"column":16}},"19":{"start":{"line":44,"column":4},"end":{"line":44,"column":25}},"20":{"start":{"line":48,"column":4},"end":{"line":51,"column":36}},"21":{"start":{"line":51,"column":24},"end":{"line":51,"column":34}},"22":{"start":{"line":55,"column":4},"end":{"line":55,"column":25}},"23":{"start":{"line":56,"column":4},"end":{"line":56,"column":67}},"24":{"start":{"line":57,"column":24},"end":{"line":57,"column":54}},"25":{"start":{"line":58,"column":25},"end":{"line":58,"column":59}},"26":{"start":{"line":59,"column":4},"end":{"line":59,"column":43}},"27":{"start":{"line":66,"column":24},"end":{"line":68,"column":9}},"28":{"start":{"line":67,"column":6},"end":{"line":67,"column":69}},"29":{"start":{"line":70,"column":25},"end":{"line":70,"column":69}},"30":{"start":{"line":72,"column":33},"end":{"line":72,"column":70}},"31":{"start":{"line":73,"column":29},"end":{"line":73,"column":73}},"32":{"start":{"line":74,"column":4},"end":{"line":74,"column":30}},"33":{"start":{"line":78,"column":29},"end":{"line":78,"column":44}},"34":{"start":{"line":79,"column":24},"end":{"line":79,"column":65}},"35":{"start":{"line":80,"column":29},"end":{"line":80,"column":59}},"36":{"start":{"line":81,"column":4},"end":{"line":81,"column":69}},"37":{"start":{"line":83,"column":33},"end":{"line":83,"column":48}},"38":{"start":{"line":84,"column":25},"end":{"line":84,"column":66}},"39":{"start":{"line":85,"column":27},"end":{"line":85,"column":59}},"40":{"start":{"line":86,"column":24},"end":{"line":86,"column":76}},"41":{"start":{"line":87,"column":4},"end":{"line":87,"column":76}}},"fnMap":{"0":{"name":"(anonymous_0)","decl":{"start":{"line":19,"column":2},"end":{"line":19,"column":3}},"loc":{"start":{"line":23,"column":4},"end":{"line":34,"column":3}},"line":23},"1":{"name":"(anonymous_1)","decl":{"start":{"line":36,"column":2},"end":{"line":36,"column":3}},"loc":{"start":{"line":36,"column":36},"end":{"line":39,"column":3}},"line":36},"2":{"name":"(anonymous_2)","decl":{"start":{"line":41,"column":2},"end":{"line":41,"column":3}},"loc":{"start":{"line":41,"column":24},"end":{"line":45,"column":3}},"line":41},"3":{"name":"(anonymous_3)","decl":{"start":{"line":47,"column":2},"end":{"line":47,"column":3}},"loc":{"start":{"line":47,"column":21},"end":{"line":52,"column":3}},"line":47},"4":{"name":"(anonymous_4)","decl":{"start":{"line":51,"column":14},"end":{"line":51,"column":15}},"loc":{"start":{"line":51,"column":24},"end":{"line":51,"column":34}},"line":51},"5":{"name":"(anonymous_5)","decl":{"start":{"line":54,"column":2},"end":{"line":54,"column":3}},"loc":{"start":{"line":54,"column":22},"end":{"line":62,"column":3}},"line":54},"6":{"name":"(anonymous_6)","decl":{"start":{"line":64,"column":2},"end":{"line":64,"column":3}},"loc":{"start":{"line":64,"column":46},"end":{"line":75,"column":3}},"line":64},"7":{"name":"(anonymous_7)","decl":{"start":{"line":66,"column":64},"end":{"line":66,"column":65}},"loc":{"start":{"line":66,"column":74},"end":{"line":68,"column":5}},"line":66},"8":{"name":"(anonymous_8)","decl":{"start":{"line":77,"column":2},"end":{"line":77,"column":3}},"loc":{"start":{"line":77,"column":60},"end":{"line":88,"column":3}},"line":77}},"branchMap":{"0":{"loc":{"start":{"line":20,"column":20},"end":{"line":20,"column":34}},"type":"default-arg","locations":[{"start":{"line":20,"column":33},"end":{"line":20,"column":34}}],"line":20},"1":{"loc":{"start":{"line":25,"column":20},"end":{"line":28,"column":5}},"type":"binary-expr","locations":[{"start":{"line":25,"column":20},"end":{"line":25,"column":28}},{"start":{"line":25,"column":32},"end":{"line":28,"column":5}}],"line":25}},"s":{"0":2,"1":2,"2":2,"3":2,"4":2,"5":2,"6":2,"7":2,"8":2,"9":2,"10":2,"11":2,"12":10,"13":2,"14":2,"15":2,"16":2,"17":0,"18":0,"19":0,"20":2,"21":1,"22":0,"23":0,"24":0,"25":0,"26":0,"27":0,"28":0,"29":0,"30":0,"31":0,"32":0,"33":0,"34":0,"35":0,"36":0,"37":0,"38":0,"39":0,"40":0,"41":0},"f":{"0":2,"1":2,"2":0,"3":2,"4":1,"5":0,"6":0,"7":0,"8":0},"b":{"0":[0],"1":[2,2]},"_coverageSchema":"1a1c01bbd47fc00a2c39e90264f33305004495a9","hash":"c7b82ab70fdf9d73281ae18ce2d43970b5810a95"}
,"C:\\Work\\fildon\\boids\\src\\creatures\\priority.ts": {"path":"C:\\Work\\fildon\\boids\\src\\creatures\\priority.ts","statementMap":{},"fnMap":{"0":{"name":"(anonymous_0)","decl":{"start":{"line":4,"column":2},"end":{"line":4,"column":3}},"loc":{"start":{"line":7,"column":4},"end":{"line":7,"column":6}},"line":7}},"branchMap":{},"s":{},"f":{"0":0},"b":{},"_coverageSchema":"1a1c01bbd47fc00a2c39e90264f33305004495a9","hash":"b93b4b530e1b8e9a37d29781de312fd1c589f448"}
,"C:\\Work\\fildon\\boids\\src\\geometry\\vector.ts": {"path":"C:\\Work\\fildon\\boids\\src\\geometry\\vector.ts","statementMap":{"0":{"start":{"line":5,"column":4},"end":{"line":7,"column":5}},"1":{"start":{"line":6,"column":6},"end":{"line":6,"column":26}},"2":{"start":{"line":8,"column":24},"end":{"line":10,"column":6}},"3":{"start":{"line":9,"column":6},"end":{"line":9,"column":37}},"4":{"start":{"line":12,"column":4},"end":{"line":12,"column":57}},"5":{"start":{"line":16,"column":4},"end":{"line":18,"column":5}},"6":{"start":{"line":17,"column":6},"end":{"line":17,"column":30}},"7":{"start":{"line":19,"column":4},"end":{"line":22,"column":6}},"8":{"start":{"line":29,"column":4},"end":{"line":29,"column":36}},"9":{"start":{"line":30,"column":4},"end":{"line":30,"column":36}},"10":{"start":{"line":31,"column":4},"end":{"line":31,"column":71}},"11":{"start":{"line":35,"column":4},"end":{"line":35,"column":47}},"12":{"start":{"line":39,"column":4},"end":{"line":39,"column":35}},"13":{"start":{"line":43,"column":19},"end":{"line":43,"column":59}},"14":{"start":{"line":44,"column":4},"end":{"line":46,"column":5}},"15":{"start":{"line":45,"column":6},"end":{"line":45,"column":37}},"16":{"start":{"line":47,"column":4},"end":{"line":49,"column":5}},"17":{"start":{"line":48,"column":6},"end":{"line":48,"column":37}},"18":{"start":{"line":50,"column":19},"end":{"line":50,"column":59}},"19":{"start":{"line":51,"column":4},"end":{"line":53,"column":5}},"20":{"start":{"line":52,"column":6},"end":{"line":52,"column":37}},"21":{"start":{"line":54,"column":4},"end":{"line":56,"column":5}},"22":{"start":{"line":55,"column":6},"end":{"line":55,"column":37}},"23":{"start":{"line":57,"column":4},"end":{"line":57,"column":42}},"24":{"start":{"line":61,"column":4},"end":{"line":64,"column":6}},"25":{"start":{"line":69,"column":4},"end":{"line":72,"column":6}},"26":{"start":{"line":76,"column":4},"end":{"line":76,"column":50}},"27":{"start":{"line":80,"column":4},"end":{"line":80,"column":50}},"28":{"start":{"line":84,"column":4},"end":{"line":84,"column":44}},"29":{"start":{"line":88,"column":4},"end":{"line":88,"column":54}},"30":{"start":{"line":92,"column":4},"end":{"line":94,"column":11}},"31":{"start":{"line":98,"column":4},"end":{"line":98,"column":41}},"32":{"start":{"line":102,"column":4},"end":{"line":105,"column":5}},"33":{"start":{"line":104,"column":6},"end":{"line":104,"column":18}},"34":{"start":{"line":106,"column":4},"end":{"line":109,"column":6}},"35":{"start":{"line":113,"column":4},"end":{"line":113,"column":38}},"36":{"start":{"line":117,"column":4},"end":{"line":117,"column":36}}},"fnMap":{"0":{"name":"(anonymous_0)","decl":{"start":{"line":4,"column":2},"end":{"line":4,"column":3}},"loc":{"start":{"line":4,"column":51},"end":{"line":13,"column":3}},"line":4},"1":{"name":"(anonymous_1)","decl":{"start":{"line":8,"column":39},"end":{"line":8,"column":40}},"loc":{"start":{"line":8,"column":64},"end":{"line":10,"column":5}},"line":8},"2":{"name":"(anonymous_2)","decl":{"start":{"line":15,"column":2},"end":{"line":15,"column":3}},"loc":{"start":{"line":15,"column":76},"end":{"line":23,"column":3}},"line":15},"3":{"name":"(anonymous_3)","decl":{"start":{"line":28,"column":2},"end":{"line":28,"column":3}},"loc":{"start":{"line":28,"column":28},"end":{"line":32,"column":3}},"line":28},"4":{"name":"(anonymous_4)","decl":{"start":{"line":34,"column":2},"end":{"line":34,"column":3}},"loc":{"start":{"line":34,"column":30},"end":{"line":36,"column":3}},"line":34},"5":{"name":"(anonymous_5)","decl":{"start":{"line":38,"column":2},"end":{"line":38,"column":3}},"loc":{"start":{"line":38,"column":37},"end":{"line":40,"column":3}},"line":38},"6":{"name":"(anonymous_6)","decl":{"start":{"line":42,"column":2},"end":{"line":42,"column":3}},"loc":{"start":{"line":42,"column":42},"end":{"line":58,"column":3}},"line":42},"7":{"name":"(anonymous_7)","decl":{"start":{"line":60,"column":2},"end":{"line":60,"column":3}},"loc":{"start":{"line":60,"column":41},"end":{"line":65,"column":3}},"line":60},"8":{"name":"(anonymous_8)","decl":{"start":{"line":68,"column":2},"end":{"line":68,"column":3}},"loc":{"start":{"line":68,"column":36},"end":{"line":73,"column":3}},"line":68},"9":{"name":"(anonymous_9)","decl":{"start":{"line":75,"column":2},"end":{"line":75,"column":3}},"loc":{"start":{"line":75,"column":32},"end":{"line":77,"column":3}},"line":75},"10":{"name":"(anonymous_10)","decl":{"start":{"line":79,"column":2},"end":{"line":79,"column":3}},"loc":{"start":{"line":79,"column":37},"end":{"line":81,"column":3}},"line":79},"11":{"name":"(anonymous_11)","decl":{"start":{"line":83,"column":2},"end":{"line":83,"column":3}},"loc":{"start":{"line":83,"column":36},"end":{"line":85,"column":3}},"line":83},"12":{"name":"(anonymous_12)","decl":{"start":{"line":87,"column":2},"end":{"line":87,"column":3}},"loc":{"start":{"line":87,"column":46},"end":{"line":89,"column":3}},"line":87},"13":{"name":"(anonymous_13)","decl":{"start":{"line":91,"column":2},"end":{"line":91,"column":3}},"loc":{"start":{"line":91,"column":47},"end":{"line":95,"column":3}},"line":91},"14":{"name":"(anonymous_14)","decl":{"start":{"line":97,"column":2},"end":{"line":97,"column":3}},"loc":{"start":{"line":97,"column":42},"end":{"line":99,"column":3}},"line":97},"15":{"name":"(anonymous_15)","decl":{"start":{"line":101,"column":2},"end":{"line":101,"column":3}},"loc":{"start":{"line":101,"column":29},"end":{"line":110,"column":3}},"line":101},"16":{"name":"(anonymous_16)","decl":{"start":{"line":112,"column":2},"end":{"line":112,"column":3}},"loc":{"start":{"line":112,"column":29},"end":{"line":114,"column":3}},"line":112},"17":{"name":"(anonymous_17)","decl":{"start":{"line":116,"column":2},"end":{"line":116,"column":3}},"loc":{"start":{"line":116,"column":28},"end":{"line":118,"column":3}},"line":116}},"branchMap":{"0":{"loc":{"start":{"line":5,"column":4},"end":{"line":7,"column":5}},"type":"if","locations":[{"start":{"line":5,"column":4},"end":{"line":7,"column":5}},{"start":{"line":5,"column":4},"end":{"line":7,"column":5}}],"line":5},"1":{"loc":{"start":{"line":16,"column":4},"end":{"line":18,"column":5}},"type":"if","locations":[{"start":{"line":16,"column":4},"end":{"line":18,"column":5}},{"start":{"line":16,"column":4},"end":{"line":18,"column":5}}],"line":16},"2":{"loc":{"start":{"line":28,"column":14},"end":{"line":28,"column":19}},"type":"default-arg","locations":[{"start":{"line":28,"column":18},"end":{"line":28,"column":19}}],"line":28},"3":{"loc":{"start":{"line":28,"column":21},"end":{"line":28,"column":26}},"type":"default-arg","locations":[{"start":{"line":28,"column":25},"end":{"line":28,"column":26}}],"line":28},"4":{"loc":{"start":{"line":44,"column":4},"end":{"line":46,"column":5}},"type":"if","locations":[{"start":{"line":44,"column":4},"end":{"line":46,"column":5}},{"start":{"line":44,"column":4},"end":{"line":46,"column":5}}],"line":44},"5":{"loc":{"start":{"line":47,"column":4},"end":{"line":49,"column":5}},"type":"if","locations":[{"start":{"line":47,"column":4},"end":{"line":49,"column":5}},{"start":{"line":47,"column":4},"end":{"line":49,"column":5}}],"line":47},"6":{"loc":{"start":{"line":51,"column":4},"end":{"line":53,"column":5}},"type":"if","locations":[{"start":{"line":51,"column":4},"end":{"line":53,"column":5}},{"start":{"line":51,"column":4},"end":{"line":53,"column":5}}],"line":51},"7":{"loc":{"start":{"line":54,"column":4},"end":{"line":56,"column":5}},"type":"if","locations":[{"start":{"line":54,"column":4},"end":{"line":56,"column":5}},{"start":{"line":54,"column":4},"end":{"line":56,"column":5}}],"line":54},"8":{"loc":{"start":{"line":84,"column":11},"end":{"line":84,"column":43}},"type":"binary-expr","locations":[{"start":{"line":84,"column":11},"end":{"line":84,"column":25}},{"start":{"line":84,"column":29},"end":{"line":84,"column":43}}],"line":84},"9":{"loc":{"start":{"line":92,"column":11},"end":{"line":94,"column":10}},"type":"cond-expr","locations":[{"start":{"line":93,"column":6},"end":{"line":93,"column":46}},{"start":{"line":94,"column":6},"end":{"line":94,"column":10}}],"line":92},"10":{"loc":{"start":{"line":102,"column":4},"end":{"line":105,"column":5}},"type":"if","locations":[{"start":{"line":102,"column":4},"end":{"line":105,"column":5}},{"start":{"line":102,"column":4},"end":{"line":105,"column":5}}],"line":102},"11":{"loc":{"start":{"line":102,"column":8},"end":{"line":103,"column":17}},"type":"binary-expr","locations":[{"start":{"line":102,"column":8},"end":{"line":102,"column":19}},{"start":{"line":103,"column":6},"end":{"line":103,"column":17}}],"line":102}},"s":{"0":3,"1":1,"2":2,"3":3,"4":2,"5":3,"6":0,"7":3,"8":151,"9":151,"10":151,"11":1,"12":14,"13":27,"14":27,"15":1,"16":27,"17":1,"18":27,"19":27,"20":1,"21":27,"22":1,"23":27,"24":2,"25":5,"26":8,"27":0,"28":1,"29":15,"30":8,"31":4,"32":2,"33":1,"34":1,"35":0,"36":0},"f":{"0":3,"1":3,"2":3,"3":151,"4":1,"5":14,"6":27,"7":2,"8":5,"9":8,"10":0,"11":1,"12":15,"13":8,"14":4,"15":2,"16":0,"17":0},"b":{"0":[1,2],"1":[0,3],"2":[22],"3":[22],"4":[1,26],"5":[1,26],"6":[1,26],"7":[1,26],"8":[1,1],"9":[7,1],"10":[1,1],"11":[2,1]},"_coverageSchema":"1a1c01bbd47fc00a2c39e90264f33305004495a9","hash":"ef1cc695e5f11435e82f6ec793fc6141bf09d3eb"}
,"C:\\Work\\fildon\\boids\\src\\geometry\\weightedVector.ts": {"path":"C:\\Work\\fildon\\boids\\src\\geometry\\weightedVector.ts","statementMap":{"0":{"start":{"line":5,"column":4},"end":{"line":7,"column":5}},"1":{"start":{"line":6,"column":6},"end":{"line":6,"column":26}},"2":{"start":{"line":8,"column":28},"end":{"line":16,"column":6}},"3":{"start":{"line":9,"column":6},"end":{"line":12,"column":8}},"4":{"start":{"line":18,"column":4},"end":{"line":18,"column":76}}},"fnMap":{"0":{"name":"(anonymous_0)","decl":{"start":{"line":4,"column":2},"end":{"line":4,"column":3}},"loc":{"start":{"line":4,"column":67},"end":{"line":19,"column":3}},"line":4},"1":{"name":"(anonymous_1)","decl":{"start":{"line":8,"column":51},"end":{"line":8,"column":52}},"loc":{"start":{"line":8,"column":73},"end":{"line":13,"column":5}},"line":8},"2":{"name":"(anonymous_2)","decl":{"start":{"line":21,"column":2},"end":{"line":21,"column":3}},"loc":{"start":{"line":24,"column":4},"end":{"line":24,"column":6}},"line":24}},"branchMap":{"0":{"loc":{"start":{"line":5,"column":4},"end":{"line":7,"column":5}},"type":"if","locations":[{"start":{"line":5,"column":4},"end":{"line":7,"column":5}},{"start":{"line":5,"column":4},"end":{"line":7,"column":5}}],"line":5},"1":{"loc":{"start":{"line":22,"column":11},"end":{"line":22,"column":40}},"type":"default-arg","locations":[{"start":{"line":22,"column":28},"end":{"line":22,"column":40}}],"line":22},"2":{"loc":{"start":{"line":23,"column":11},"end":{"line":23,"column":29}},"type":"default-arg","locations":[{"start":{"line":23,"column":28},"end":{"line":23,"column":29}}],"line":23}},"s":{"0":2,"1":0,"2":2,"3":3,"4":2},"f":{"0":2,"1":3,"2":16},"b":{"0":[0,2],"1":[9],"2":[9]},"_coverageSchema":"1a1c01bbd47fc00a2c39e90264f33305004495a9","hash":"bb6d229eac546c987fd21a46d6bc8aaaa96c6d46"}
,"C:\\Work\\fildon\\boids\\src\\neural\\connection.ts": {"path":"C:\\Work\\fildon\\boids\\src\\neural\\connection.ts","statementMap":{"0":{"start":{"line":9,"column":4},"end":{"line":9,"column":23}},"1":{"start":{"line":10,"column":4},"end":{"line":10,"column":25}},"2":{"start":{"line":11,"column":4},"end":{"line":11,"column":25}},"3":{"start":{"line":15,"column":4},"end":{"line":15,"column":46}}},"fnMap":{"0":{"name":"(anonymous_0)","decl":{"start":{"line":8,"column":2},"end":{"line":8,"column":3}},"loc":{"start":{"line":8,"column":77},"end":{"line":12,"column":3}},"line":8},"1":{"name":"(anonymous_1)","decl":{"start":{"line":14,"column":2},"end":{"line":14,"column":3}},"loc":{"start":{"line":14,"column":39},"end":{"line":16,"column":3}},"line":14}},"branchMap":{"0":{"loc":{"start":{"line":8,"column":45},"end":{"line":8,"column":75}},"type":"default-arg","locations":[{"start":{"line":8,"column":62},"end":{"line":8,"column":75}}],"line":8}},"s":{"0":18,"1":18,"2":18,"3":0},"f":{"0":18,"1":0},"b":{"0":[18]},"_coverageSchema":"1a1c01bbd47fc00a2c39e90264f33305004495a9","hash":"fecf695eff2bd1f133da22832d647d804cb63525"}
,"C:\\Work\\fildon\\boids\\src\\neural\\layer.ts": {"path":"C:\\Work\\fildon\\boids\\src\\neural\\layer.ts","statementMap":{"0":{"start":{"line":7,"column":4},"end":{"line":7,"column":22}},"1":{"start":{"line":8,"column":4},"end":{"line":10,"column":5}},"2":{"start":{"line":8,"column":17},"end":{"line":8,"column":18}},"3":{"start":{"line":9,"column":6},"end":{"line":9,"column":38}},"4":{"start":{"line":14,"column":4},"end":{"line":18,"column":7}},"5":{"start":{"line":15,"column":6},"end":{"line":17,"column":9}},"6":{"start":{"line":16,"column":8},"end":{"line":16,"column":48}},"7":{"start":{"line":22,"column":4},"end":{"line":24,"column":5}},"8":{"start":{"line":22,"column":17},"end":{"line":22,"column":18}},"9":{"start":{"line":23,"column":6},"end":{"line":23,"column":45}},"10":{"start":{"line":28,"column":4},"end":{"line":28,"column":57}},"11":{"start":{"line":28,"column":35},"end":{"line":28,"column":55}},"12":{"start":{"line":32,"column":4},"end":{"line":32,"column":52}},"13":{"start":{"line":32,"column":38},"end":{"line":32,"column":50}}},"fnMap":{"0":{"name":"(anonymous_0)","decl":{"start":{"line":6,"column":2},"end":{"line":6,"column":3}},"loc":{"start":{"line":6,"column":28},"end":{"line":11,"column":3}},"line":6},"1":{"name":"(anonymous_1)","decl":{"start":{"line":13,"column":2},"end":{"line":13,"column":3}},"loc":{"start":{"line":13,"column":52},"end":{"line":19,"column":3}},"line":13},"2":{"name":"(anonymous_2)","decl":{"start":{"line":14,"column":25},"end":{"line":14,"column":26}},"loc":{"start":{"line":14,"column":35},"end":{"line":18,"column":5}},"line":14},"3":{"name":"(anonymous_3)","decl":{"start":{"line":15,"column":33},"end":{"line":15,"column":34}},"loc":{"start":{"line":15,"column":48},"end":{"line":17,"column":7}},"line":15},"4":{"name":"(anonymous_4)","decl":{"start":{"line":21,"column":2},"end":{"line":21,"column":3}},"loc":{"start":{"line":21,"column":56},"end":{"line":25,"column":3}},"line":21},"5":{"name":"(anonymous_5)","decl":{"start":{"line":27,"column":2},"end":{"line":27,"column":3}},"loc":{"start":{"line":27,"column":30},"end":{"line":29,"column":3}},"line":27},"6":{"name":"(anonymous_6)","decl":{"start":{"line":28,"column":25},"end":{"line":28,"column":26}},"loc":{"start":{"line":28,"column":35},"end":{"line":28,"column":55}},"line":28},"7":{"name":"(anonymous_7)","decl":{"start":{"line":31,"column":2},"end":{"line":31,"column":3}},"loc":{"start":{"line":31,"column":34},"end":{"line":33,"column":3}},"line":31},"8":{"name":"(anonymous_8)","decl":{"start":{"line":32,"column":28},"end":{"line":32,"column":29}},"loc":{"start":{"line":32,"column":38},"end":{"line":32,"column":50}},"line":32}},"branchMap":{},"s":{"0":9,"1":9,"2":9,"3":12,"4":6,"5":10,"6":18,"7":0,"8":0,"9":0,"10":0,"11":0,"12":0,"13":0},"f":{"0":9,"1":6,"2":10,"3":18,"4":0,"5":0,"6":0,"7":0,"8":0},"b":{},"_coverageSchema":"1a1c01bbd47fc00a2c39e90264f33305004495a9","hash":"9e9137bd9b98f3d1a7e3b9e04159c6b7ff78d8a3"}
,"C:\\Work\\fildon\\boids\\src\\neural\\net.ts": {"path":"C:\\Work\\fildon\\boids\\src\\neural\\net.ts","statementMap":{"0":{"start":{"line":9,"column":23},"end":{"line":9,"column":47}},"1":{"start":{"line":10,"column":4},"end":{"line":10,"column":31}},"2":{"start":{"line":12,"column":21},"end":{"line":12,"column":31}},"3":{"start":{"line":13,"column":4},"end":{"line":18,"column":5}},"4":{"start":{"line":13,"column":17},"end":{"line":13,"column":18}},"5":{"start":{"line":14,"column":24},"end":{"line":14,"column":48}},"6":{"start":{"line":15,"column":6},"end":{"line":15,"column":46}},"7":{"start":{"line":16,"column":6},"end":{"line":16,"column":34}},"8":{"start":{"line":17,"column":6},"end":{"line":17,"column":29}},"9":{"start":{"line":22,"column":4},"end":{"line":22,"column":52}},"10":{"start":{"line":23,"column":4},"end":{"line":25,"column":5}},"11":{"start":{"line":23,"column":17},"end":{"line":23,"column":18}},"12":{"start":{"line":24,"column":6},"end":{"line":24,"column":36}},"13":{"start":{"line":26,"column":4},"end":{"line":26,"column":62}},"14":{"start":{"line":30,"column":4},"end":{"line":30,"column":50}}},"fnMap":{"0":{"name":"(anonymous_0)","decl":{"start":{"line":6,"column":2},"end":{"line":6,"column":3}},"loc":{"start":{"line":8,"column":4},"end":{"line":19,"column":3}},"line":8},"1":{"name":"(anonymous_1)","decl":{"start":{"line":21,"column":2},"end":{"line":21,"column":3}},"loc":{"start":{"line":21,"column":55},"end":{"line":27,"column":3}},"line":21},"2":{"name":"(anonymous_2)","decl":{"start":{"line":29,"column":2},"end":{"line":29,"column":3}},"loc":{"start":{"line":29,"column":69},"end":{"line":31,"column":3}},"line":29}},"branchMap":{},"s":{"0":3,"1":3,"2":3,"3":3,"4":3,"5":6,"6":6,"7":6,"8":6,"9":0,"10":0,"11":0,"12":0,"13":0,"14":0},"f":{"0":3,"1":0,"2":0},"b":{},"_coverageSchema":"1a1c01bbd47fc00a2c39e90264f33305004495a9","hash":"b4cff070669ee0d001d702e9e3f185bc5313287d"}
,"C:\\Work\\fildon\\boids\\src\\neural\\neuron.ts": {"path":"C:\\Work\\fildon\\boids\\src\\neural\\neuron.ts","statementMap":{"0":{"start":{"line":9,"column":4},"end":{"line":9,"column":21}},"1":{"start":{"line":10,"column":4},"end":{"line":10,"column":22}},"2":{"start":{"line":11,"column":4},"end":{"line":11,"column":19}},"3":{"start":{"line":15,"column":4},"end":{"line":15,"column":34}},"4":{"start":{"line":19,"column":4},"end":{"line":19,"column":33}},"5":{"start":{"line":23,"column":23},"end":{"line":23,"column":50}},"6":{"start":{"line":24,"column":4},"end":{"line":24,"column":36}},"7":{"start":{"line":25,"column":4},"end":{"line":25,"column":34}},"8":{"start":{"line":30,"column":4},"end":{"line":30,"column":25}},"9":{"start":{"line":35,"column":21},"end":{"line":38,"column":5}},"10":{"start":{"line":36,"column":22},"end":{"line":36,"column":55}},"11":{"start":{"line":40,"column":25},"end":{"line":40,"column":54}},"12":{"start":{"line":41,"column":4},"end":{"line":41,"column":44}},"13":{"start":{"line":46,"column":21},"end":{"line":49,"column":5}},"14":{"start":{"line":47,"column":22},"end":{"line":47,"column":55}},"15":{"start":{"line":51,"column":25},"end":{"line":51,"column":54}},"16":{"start":{"line":52,"column":4},"end":{"line":55,"column":5}},"17":{"start":{"line":53,"column":6},"end":{"line":53,"column":21}},"18":{"start":{"line":54,"column":6},"end":{"line":54,"column":13}},"19":{"start":{"line":56,"column":4},"end":{"line":59,"column":5}},"20":{"start":{"line":57,"column":6},"end":{"line":57,"column":23}},"21":{"start":{"line":58,"column":6},"end":{"line":58,"column":13}},"22":{"start":{"line":60,"column":4},"end":{"line":60,"column":19}}},"fnMap":{"0":{"name":"(anonymous_0)","decl":{"start":{"line":8,"column":2},"end":{"line":8,"column":3}},"loc":{"start":{"line":8,"column":16},"end":{"line":12,"column":3}},"line":8},"1":{"name":"(anonymous_1)","decl":{"start":{"line":14,"column":2},"end":{"line":14,"column":3}},"loc":{"start":{"line":14,"column":54},"end":{"line":16,"column":3}},"line":14},"2":{"name":"(anonymous_2)","decl":{"start":{"line":18,"column":2},"end":{"line":18,"column":3}},"loc":{"start":{"line":18,"column":53},"end":{"line":20,"column":3}},"line":18},"3":{"name":"(anonymous_3)","decl":{"start":{"line":22,"column":2},"end":{"line":22,"column":3}},"loc":{"start":{"line":22,"column":56},"end":{"line":26,"column":3}},"line":22},"4":{"name":"(anonymous_4)","decl":{"start":{"line":29,"column":2},"end":{"line":29,"column":3}},"loc":{"start":{"line":29,"column":29},"end":{"line":31,"column":3}},"line":29},"5":{"name":"(anonymous_5)","decl":{"start":{"line":33,"column":2},"end":{"line":33,"column":3}},"loc":{"start":{"line":33,"column":32},"end":{"line":42,"column":3}},"line":33},"6":{"name":"(anonymous_6)","decl":{"start":{"line":36,"column":6},"end":{"line":36,"column":7}},"loc":{"start":{"line":36,"column":22},"end":{"line":36,"column":55}},"line":36},"7":{"name":"(anonymous_7)","decl":{"start":{"line":44,"column":2},"end":{"line":44,"column":3}},"loc":{"start":{"line":44,"column":32},"end":{"line":61,"column":3}},"line":44},"8":{"name":"(anonymous_8)","decl":{"start":{"line":47,"column":6},"end":{"line":47,"column":7}},"loc":{"start":{"line":47,"column":22},"end":{"line":47,"column":55}},"line":47}},"branchMap":{"0":{"loc":{"start":{"line":41,"column":17},"end":{"line":41,"column":43}},"type":"cond-expr","locations":[{"start":{"line":41,"column":38},"end":{"line":41,"column":39}},{"start":{"line":41,"column":42},"end":{"line":41,"column":43}}],"line":41},"1":{"loc":{"start":{"line":52,"column":4},"end":{"line":55,"column":5}},"type":"if","locations":[{"start":{"line":52,"column":4},"end":{"line":55,"column":5}},{"start":{"line":52,"column":4},"end":{"line":55,"column":5}}],"line":52},"2":{"loc":{"start":{"line":56,"column":4},"end":{"line":59,"column":5}},"type":"if","locations":[{"start":{"line":56,"column":4},"end":{"line":59,"column":5}},{"start":{"line":56,"column":4},"end":{"line":59,"column":5}}],"line":56}},"s":{"0":12,"1":12,"2":12,"3":18,"4":18,"5":18,"6":18,"7":18,"8":0,"9":0,"10":0,"11":0,"12":0,"13":0,"14":0,"15":0,"16":0,"17":0,"18":0,"19":0,"20":0,"21":0,"22":0},"f":{"0":12,"1":18,"2":18,"3":18,"4":0,"5":0,"6":0,"7":0,"8":0},"b":{"0":[0,0],"1":[0,0],"2":[0,0]},"_coverageSchema":"1a1c01bbd47fc00a2c39e90264f33305004495a9","hash":"43b7f124d0bf5b8a099b50fa4e48ac46f0f6b9fa"}
,"C:\\Work\\fildon\\boids\\src\\stateManagement\\config.ts": {"path":"C:\\Work\\fildon\\boids\\src\\stateManagement\\config.ts","statementMap":{"0":{"start":{"line":1,"column":22},"end":{"line":42,"column":1}}},"fnMap":{},"branchMap":{},"s":{"0":3},"f":{},"b":{},"_coverageSchema":"1a1c01bbd47fc00a2c39e90264f33305004495a9","hash":"ebdc730d83a74730692d1dd0122f2deae5a159ee"}
,"C:\\Work\\fildon\\boids\\src\\stateManagement\\creatureStorage.ts": {"path":"C:\\Work\\fildon\\boids\\src\\stateManagement\\creatureStorage.ts","statementMap":{"0":{"start":{"line":8,"column":19},"end":{"line":8,"column":20}},"1":{"start":{"line":9,"column":22},"end":{"line":9,"column":49}},"2":{"start":{"line":10,"column":38},"end":{"line":10,"column":40}},"3":{"start":{"line":11,"column":26},"end":{"line":11,"column":27}},"4":{"start":{"line":12,"column":23},"end":{"line":12,"column":24}},"5":{"start":{"line":13,"column":32},"end":{"line":13,"column":35}},"6":{"start":{"line":16,"column":4},"end":{"line":16,"column":18}},"7":{"start":{"line":20,"column":4},"end":{"line":20,"column":26}},"8":{"start":{"line":21,"column":4},"end":{"line":31,"column":7}},"9":{"start":{"line":22,"column":22},"end":{"line":25,"column":7}},"10":{"start":{"line":26,"column":22},"end":{"line":29,"column":7}},"11":{"start":{"line":30,"column":6},"end":{"line":30,"column":54}},"12":{"start":{"line":35,"column":22},"end":{"line":39,"column":5}},"13":{"start":{"line":40,"column":4},"end":{"line":40,"column":47}},"14":{"start":{"line":41,"column":4},"end":{"line":41,"column":18}},"15":{"start":{"line":42,"column":4},"end":{"line":42,"column":21}},"16":{"start":{"line":46,"column":20},"end":{"line":50,"column":5}},"17":{"start":{"line":51,"column":4},"end":{"line":51,"column":45}},"18":{"start":{"line":52,"column":4},"end":{"line":52,"column":18}},"19":{"start":{"line":53,"column":4},"end":{"line":53,"column":19}},"20":{"start":{"line":57,"column":4},"end":{"line":59,"column":19}},"21":{"start":{"line":58,"column":6},"end":{"line":58,"column":40}},"22":{"start":{"line":63,"column":4},"end":{"line":65,"column":17}},"23":{"start":{"line":64,"column":6},"end":{"line":64,"column":38}},"24":{"start":{"line":69,"column":4},"end":{"line":69,"column":40}},"25":{"start":{"line":73,"column":4},"end":{"line":77,"column":21}},"26":{"start":{"line":75,"column":8},"end":{"line":76,"column":52}},"27":{"start":{"line":81,"column":4},"end":{"line":85,"column":19}},"28":{"start":{"line":83,"column":8},"end":{"line":84,"column":52}},"29":{"start":{"line":89,"column":20},"end":{"line":89,"column":58}},"30":{"start":{"line":90,"column":20},"end":{"line":90,"column":58}},"31":{"start":{"line":91,"column":25},"end":{"line":91,"column":60}},"32":{"start":{"line":92,"column":17},"end":{"line":92,"column":83}},"33":{"start":{"line":93,"column":17},"end":{"line":93,"column":66}},"34":{"start":{"line":94,"column":17},"end":{"line":94,"column":77}},"35":{"start":{"line":95,"column":17},"end":{"line":95,"column":63}},"36":{"start":{"line":96,"column":32},"end":{"line":96,"column":34}},"37":{"start":{"line":97,"column":4},"end":{"line":101,"column":5}},"38":{"start":{"line":97,"column":17},"end":{"line":97,"column":21}},"39":{"start":{"line":98,"column":6},"end":{"line":100,"column":7}},"40":{"start":{"line":98,"column":19},"end":{"line":98,"column":23}},"41":{"start":{"line":99,"column":8},"end":{"line":99,"column":59}},"42":{"start":{"line":102,"column":4},"end":{"line":102,"column":21}},"43":{"start":{"line":106,"column":4},"end":{"line":106,"column":39}},"44":{"start":{"line":110,"column":4},"end":{"line":110,"column":37}},"45":{"start":{"line":114,"column":4},"end":{"line":114,"column":38}},"46":{"start":{"line":118,"column":4},"end":{"line":118,"column":24}},"47":{"start":{"line":119,"column":4},"end":{"line":119,"column":73}},"48":{"start":{"line":120,"column":4},"end":{"line":120,"column":70}},"49":{"start":{"line":121,"column":4},"end":{"line":127,"column":5}},"50":{"start":{"line":121,"column":17},"end":{"line":121,"column":18}},"51":{"start":{"line":122,"column":38},"end":{"line":122,"column":40}},"52":{"start":{"line":123,"column":6},"end":{"line":125,"column":7}},"53":{"start":{"line":123,"column":19},"end":{"line":123,"column":20}},"54":{"start":{"line":124,"column":8},"end":{"line":124,"column":27}},"55":{"start":{"line":126,"column":6},"end":{"line":126,"column":37}}},"fnMap":{"0":{"name":"(anonymous_0)","decl":{"start":{"line":15,"column":2},"end":{"line":15,"column":3}},"loc":{"start":{"line":15,"column":16},"end":{"line":17,"column":3}},"line":15},"1":{"name":"(anonymous_1)","decl":{"start":{"line":19,"column":2},"end":{"line":19,"column":3}},"loc":{"start":{"line":19,"column":24},"end":{"line":32,"column":3}},"line":19},"2":{"name":"(anonymous_2)","decl":{"start":{"line":21,"column":27},"end":{"line":21,"column":28}},"loc":{"start":{"line":21,"column":41},"end":{"line":31,"column":5}},"line":21},"3":{"name":"(anonymous_3)","decl":{"start":{"line":34,"column":2},"end":{"line":34,"column":3}},"loc":{"start":{"line":34,"column":46},"end":{"line":43,"column":3}},"line":34},"4":{"name":"(anonymous_4)","decl":{"start":{"line":45,"column":2},"end":{"line":45,"column":3}},"loc":{"start":{"line":45,"column":42},"end":{"line":54,"column":3}},"line":45},"5":{"name":"(anonymous_5)","decl":{"start":{"line":56,"column":2},"end":{"line":56,"column":3}},"loc":{"start":{"line":56,"column":35},"end":{"line":60,"column":3}},"line":56},"6":{"name":"(anonymous_6)","decl":{"start":{"line":57,"column":47},"end":{"line":57,"column":48}},"loc":{"start":{"line":57,"column":61},"end":{"line":59,"column":5}},"line":57},"7":{"name":"(anonymous_7)","decl":{"start":{"line":62,"column":2},"end":{"line":62,"column":3}},"loc":{"start":{"line":62,"column":31},"end":{"line":66,"column":3}},"line":62},"8":{"name":"(anonymous_8)","decl":{"start":{"line":63,"column":47},"end":{"line":63,"column":48}},"loc":{"start":{"line":63,"column":61},"end":{"line":65,"column":5}},"line":63},"9":{"name":"(anonymous_9)","decl":{"start":{"line":68,"column":2},"end":{"line":68,"column":3}},"loc":{"start":{"line":68,"column":39},"end":{"line":70,"column":3}},"line":68},"10":{"name":"(anonymous_10)","decl":{"start":{"line":72,"column":2},"end":{"line":72,"column":3}},"loc":{"start":{"line":72,"column":68},"end":{"line":78,"column":3}},"line":72},"11":{"name":"(anonymous_11)","decl":{"start":{"line":74,"column":14},"end":{"line":74,"column":15}},"loc":{"start":{"line":74,"column":28},"end":{"line":77,"column":7}},"line":74},"12":{"name":"(anonymous_12)","decl":{"start":{"line":80,"column":2},"end":{"line":80,"column":3}},"loc":{"start":{"line":80,"column":64},"end":{"line":86,"column":3}},"line":80},"13":{"name":"(anonymous_13)","decl":{"start":{"line":82,"column":14},"end":{"line":82,"column":15}},"loc":{"start":{"line":82,"column":28},"end":{"line":85,"column":7}},"line":82},"14":{"name":"(anonymous_14)","decl":{"start":{"line":88,"column":2},"end":{"line":88,"column":3}},"loc":{"start":{"line":88,"column":72},"end":{"line":103,"column":3}},"line":88},"15":{"name":"(anonymous_15)","decl":{"start":{"line":105,"column":2},"end":{"line":105,"column":3}},"loc":{"start":{"line":105,"column":34},"end":{"line":107,"column":3}},"line":105},"16":{"name":"(anonymous_16)","decl":{"start":{"line":109,"column":2},"end":{"line":109,"column":3}},"loc":{"start":{"line":109,"column":32},"end":{"line":111,"column":3}},"line":109},"17":{"name":"(anonymous_17)","decl":{"start":{"line":113,"column":2},"end":{"line":113,"column":3}},"loc":{"start":{"line":113,"column":42},"end":{"line":115,"column":3}},"line":113},"18":{"name":"(anonymous_18)","decl":{"start":{"line":117,"column":2},"end":{"line":117,"column":3}},"loc":{"start":{"line":117,"column":33},"end":{"line":128,"column":3}},"line":117}},"branchMap":{"0":{"loc":{"start":{"line":75,"column":15},"end":{"line":76,"column":51}},"type":"binary-expr","locations":[{"start":{"line":75,"column":15},"end":{"line":75,"column":41}},{"start":{"line":76,"column":8},"end":{"line":76,"column":51}}],"line":75},"1":{"loc":{"start":{"line":83,"column":15},"end":{"line":84,"column":51}},"type":"binary-expr","locations":[{"start":{"line":83,"column":15},"end":{"line":83,"column":39}},{"start":{"line":84,"column":8},"end":{"line":84,"column":51}}],"line":83}},"s":{"0":12,"1":12,"2":12,"3":12,"4":12,"5":12,"6":12,"7":18,"8":18,"9":14,"10":14,"11":14,"12":2,"13":2,"14":2,"15":2,"16":18,"17":18,"18":18,"19":18,"20":0,"21":0,"22":2,"23":3,"24":0,"25":2,"26":0,"27":13,"28":14,"29":15,"30":15,"31":15,"32":15,"33":15,"34":15,"35":15,"36":15,"37":15,"38":15,"39":59,"40":59,"41":247,"42":15,"43":0,"44":2,"45":1,"46":18,"47":18,"48":18,"49":18,"50":18,"51":180,"52":180,"53":180,"54":1800,"55":180},"f":{"0":12,"1":18,"2":14,"3":2,"4":18,"5":0,"6":0,"7":2,"8":3,"9":0,"10":2,"11":0,"12":13,"13":14,"14":15,"15":0,"16":2,"17":1,"18":18},"b":{"0":[0,0],"1":[14,12]},"_coverageSchema":"1a1c01bbd47fc00a2c39e90264f33305004495a9","hash":"05ac984df725377ea62d218cd64c203d5474ec5f"}
,"C:\\Work\\fildon\\boids\\src\\stateManagement\\simulationManager.ts": {"path":"C:\\Work\\fildon\\boids\\src\\stateManagement\\simulationManager.ts","statementMap":{"0":{"start":{"line":11,"column":31},"end":{"line":11,"column":33}},"1":{"start":{"line":13,"column":26},"end":{"line":13,"column":80}},"2":{"start":{"line":14,"column":4},"end":{"line":16,"column":5}},"3":{"start":{"line":15,"column":6},"end":{"line":15,"column":63}},"4":{"start":{"line":17,"column":4},"end":{"line":17,"column":44}},"5":{"start":{"line":18,"column":4},"end":{"line":22,"column":6}},"6":{"start":{"line":20,"column":28},"end":{"line":20,"column":53}},"7":{"start":{"line":21,"column":28},"end":{"line":21,"column":55}},"8":{"start":{"line":24,"column":4},"end":{"line":24,"column":49}},"9":{"start":{"line":25,"column":4},"end":{"line":27,"column":5}},"10":{"start":{"line":25,"column":17},"end":{"line":25,"column":18}},"11":{"start":{"line":26,"column":6},"end":{"line":26,"column":37}},"12":{"start":{"line":28,"column":4},"end":{"line":30,"column":5}},"13":{"start":{"line":28,"column":17},"end":{"line":28,"column":18}},"14":{"start":{"line":29,"column":6},"end":{"line":29,"column":39}},"15":{"start":{"line":34,"column":4},"end":{"line":34,"column":43}},"16":{"start":{"line":38,"column":4},"end":{"line":38,"column":45}},"17":{"start":{"line":42,"column":4},"end":{"line":42,"column":36}},"18":{"start":{"line":46,"column":24},"end":{"line":46,"column":41}},"19":{"start":{"line":47,"column":20},"end":{"line":47,"column":46}},"20":{"start":{"line":48,"column":4},"end":{"line":48,"column":31}},"21":{"start":{"line":49,"column":4},"end":{"line":49,"column":19}},"22":{"start":{"line":51,"column":4},"end":{"line":54,"column":5}},"23":{"start":{"line":52,"column":6},"end":{"line":52,"column":30}},"24":{"start":{"line":53,"column":6},"end":{"line":53,"column":35}},"25":{"start":{"line":56,"column":4},"end":{"line":56,"column":28}},"26":{"start":{"line":57,"column":4},"end":{"line":57,"column":54}},"27":{"start":{"line":57,"column":21},"end":{"line":57,"column":49}},"28":{"start":{"line":61,"column":4},"end":{"line":61,"column":34}},"29":{"start":{"line":62,"column":4},"end":{"line":64,"column":5}},"30":{"start":{"line":63,"column":6},"end":{"line":63,"column":20}},"31":{"start":{"line":65,"column":4},"end":{"line":67,"column":5}},"32":{"start":{"line":66,"column":6},"end":{"line":66,"column":22}},"33":{"start":{"line":71,"column":4},"end":{"line":73,"column":6}},"34":{"start":{"line":74,"column":4},"end":{"line":76,"column":6}},"35":{"start":{"line":77,"column":4},"end":{"line":79,"column":6}},"36":{"start":{"line":83,"column":25},"end":{"line":83,"column":69}},"37":{"start":{"line":84,"column":4},"end":{"line":86,"column":5}},"38":{"start":{"line":85,"column":6},"end":{"line":85,"column":44}},"39":{"start":{"line":90,"column":25},"end":{"line":90,"column":67}},"40":{"start":{"line":91,"column":4},"end":{"line":93,"column":5}},"41":{"start":{"line":92,"column":6},"end":{"line":92,"column":44}}},"fnMap":{"0":{"name":"(anonymous_0)","decl":{"start":{"line":12,"column":2},"end":{"line":12,"column":3}},"loc":{"start":{"line":12,"column":16},"end":{"line":31,"column":3}},"line":12},"1":{"name":"(anonymous_1)","decl":{"start":{"line":20,"column":6},"end":{"line":20,"column":7}},"loc":{"start":{"line":20,"column":28},"end":{"line":20,"column":53}},"line":20},"2":{"name":"(anonymous_2)","decl":{"start":{"line":21,"column":6},"end":{"line":21,"column":7}},"loc":{"start":{"line":21,"column":28},"end":{"line":21,"column":55}},"line":21},"3":{"name":"(anonymous_3)","decl":{"start":{"line":33,"column":2},"end":{"line":33,"column":3}},"loc":{"start":{"line":33,"column":45},"end":{"line":35,"column":3}},"line":33},"4":{"name":"(anonymous_4)","decl":{"start":{"line":37,"column":2},"end":{"line":37,"column":3}},"loc":{"start":{"line":37,"column":47},"end":{"line":39,"column":3}},"line":37},"5":{"name":"(anonymous_5)","decl":{"start":{"line":41,"column":2},"end":{"line":41,"column":3}},"loc":{"start":{"line":41,"column":31},"end":{"line":43,"column":3}},"line":41},"6":{"name":"(anonymous_6)","decl":{"start":{"line":45,"column":2},"end":{"line":45,"column":3}},"loc":{"start":{"line":45,"column":55},"end":{"line":58,"column":3}},"line":45},"7":{"name":"(anonymous_7)","decl":{"start":{"line":57,"column":15},"end":{"line":57,"column":16}},"loc":{"start":{"line":57,"column":21},"end":{"line":57,"column":49}},"line":57},"8":{"name":"(anonymous_8)","decl":{"start":{"line":60,"column":2},"end":{"line":60,"column":3}},"loc":{"start":{"line":60,"column":34},"end":{"line":68,"column":3}},"line":60},"9":{"name":"(anonymous_9)","decl":{"start":{"line":70,"column":2},"end":{"line":70,"column":3}},"loc":{"start":{"line":70,"column":34},"end":{"line":80,"column":3}},"line":70},"10":{"name":"(anonymous_10)","decl":{"start":{"line":82,"column":2},"end":{"line":82,"column":3}},"loc":{"start":{"line":82,"column":50},"end":{"line":87,"column":3}},"line":82},"11":{"name":"(anonymous_11)","decl":{"start":{"line":89,"column":2},"end":{"line":89,"column":3}},"loc":{"start":{"line":89,"column":48},"end":{"line":94,"column":3}},"line":89}},"branchMap":{"0":{"loc":{"start":{"line":14,"column":4},"end":{"line":16,"column":5}},"type":"if","locations":[{"start":{"line":14,"column":4},"end":{"line":16,"column":5}},{"start":{"line":14,"column":4},"end":{"line":16,"column":5}}],"line":14},"1":{"loc":{"start":{"line":84,"column":4},"end":{"line":86,"column":5}},"type":"if","locations":[{"start":{"line":84,"column":4},"end":{"line":86,"column":5}},{"start":{"line":84,"column":4},"end":{"line":86,"column":5}}],"line":84},"2":{"loc":{"start":{"line":91,"column":4},"end":{"line":93,"column":5}},"type":"if","locations":[{"start":{"line":91,"column":4},"end":{"line":93,"column":5}},{"start":{"line":91,"column":4},"end":{"line":93,"column":5}}],"line":91}},"s":{"0":0,"1":0,"2":0,"3":0,"4":0,"5":0,"6":0,"7":0,"8":0,"9":0,"10":0,"11":0,"12":0,"13":0,"14":0,"15":0,"16":0,"17":0,"18":0,"19":0,"20":0,"21":0,"22":0,"23":0,"24":0,"25":0,"26":0,"27":0,"28":0,"29":0,"30":0,"31":0,"32":0,"33":0,"34":0,"35":0,"36":0,"37":0,"38":0,"39":0,"40":0,"41":0},"f":{"0":0,"1":0,"2":0,"3":0,"4":0,"5":0,"6":0,"7":0,"8":0,"9":0,"10":0,"11":0},"b":{"0":[0,0],"1":[0,0],"2":[0,0]}}
,"C:\\Work\\fildon\\boids\\src\\ui\\canvas.ts": {"path":"C:\\Work\\fildon\\boids\\src\\ui\\canvas.ts","statementMap":{"0":{"start":{"line":13,"column":4},"end":{"line":13,"column":49}},"1":{"start":{"line":14,"column":4},"end":{"line":14,"column":76}},"2":{"start":{"line":15,"column":4},"end":{"line":15,"column":32}},"3":{"start":{"line":16,"column":20},"end":{"line":16,"column":48}},"4":{"start":{"line":17,"column":4},"end":{"line":21,"column":5}},"5":{"start":{"line":18,"column":6},"end":{"line":18,"column":54}},"6":{"start":{"line":20,"column":6},"end":{"line":20,"column":25}},"7":{"start":{"line":22,"column":4},"end":{"line":22,"column":44}},"8":{"start":{"line":23,"column":4},"end":{"line":23,"column":43}},"9":{"start":{"line":25,"column":4},"end":{"line":25,"column":25}},"10":{"start":{"line":29,"column":4},"end":{"line":29,"column":35}},"11":{"start":{"line":33,"column":4},"end":{"line":36,"column":5}},"12":{"start":{"line":34,"column":6},"end":{"line":34,"column":45}},"13":{"start":{"line":35,"column":6},"end":{"line":35,"column":46}},"14":{"start":{"line":37,"column":4},"end":{"line":37,"column":47}},"15":{"start":{"line":38,"column":4},"end":{"line":38,"column":48}},"16":{"start":{"line":45,"column":4},"end":{"line":45,"column":41}},"17":{"start":{"line":46,"column":4},"end":{"line":46,"column":68}},"18":{"start":{"line":47,"column":4},"end":{"line":47,"column":25}},"19":{"start":{"line":48,"column":4},"end":{"line":48,"column":31}},"20":{"start":{"line":49,"column":4},"end":{"line":51,"column":7}},"21":{"start":{"line":50,"column":6},"end":{"line":50,"column":34}},"22":{"start":{"line":53,"column":4},"end":{"line":53,"column":33}},"23":{"start":{"line":54,"column":4},"end":{"line":54,"column":32}},"24":{"start":{"line":58,"column":4},"end":{"line":60,"column":5}},"25":{"start":{"line":59,"column":6},"end":{"line":59,"column":13}},"26":{"start":{"line":61,"column":4},"end":{"line":65,"column":5}},"27":{"start":{"line":61,"column":17},"end":{"line":61,"column":18}},"28":{"start":{"line":62,"column":6},"end":{"line":64,"column":9}},"29":{"start":{"line":63,"column":8},"end":{"line":63,"column":36}},"30":{"start":{"line":69,"column":4},"end":{"line":69,"column":50}},"31":{"start":{"line":73,"column":4},"end":{"line":73,"column":36}},"32":{"start":{"line":74,"column":4},"end":{"line":74,"column":36}},"33":{"start":{"line":78,"column":4},"end":{"line":81,"column":19}},"34":{"start":{"line":85,"column":4},"end":{"line":88,"column":19}},"35":{"start":{"line":92,"column":19},"end":{"line":92,"column":84}},"36":{"start":{"line":93,"column":4},"end":{"line":93,"column":55}},"37":{"start":{"line":94,"column":19},"end":{"line":96,"column":19}},"38":{"start":{"line":97,"column":4},"end":{"line":97,"column":25}},"39":{"start":{"line":98,"column":4},"end":{"line":102,"column":22}},"40":{"start":{"line":103,"column":4},"end":{"line":103,"column":41}},"41":{"start":{"line":104,"column":4},"end":{"line":104,"column":20}},"42":{"start":{"line":108,"column":21},"end":{"line":108,"column":69}},"43":{"start":{"line":109,"column":4},"end":{"line":109,"column":25}},"44":{"start":{"line":110,"column":4},"end":{"line":113,"column":41}},"45":{"start":{"line":114,"column":4},"end":{"line":114,"column":33}},"46":{"start":{"line":115,"column":4},"end":{"line":115,"column":20}}},"fnMap":{"0":{"name":"(anonymous_0)","decl":{"start":{"line":12,"column":2},"end":{"line":12,"column":3}},"loc":{"start":{"line":12,"column":48},"end":{"line":26,"column":3}},"line":12},"1":{"name":"(anonymous_1)","decl":{"start":{"line":28,"column":2},"end":{"line":28,"column":3}},"loc":{"start":{"line":28,"column":61},"end":{"line":30,"column":3}},"line":28},"2":{"name":"(anonymous_2)","decl":{"start":{"line":32,"column":2},"end":{"line":32,"column":3}},"loc":{"start":{"line":32,"column":31},"end":{"line":39,"column":3}},"line":32},"3":{"name":"(anonymous_3)","decl":{"start":{"line":41,"column":2},"end":{"line":41,"column":3}},"loc":{"start":{"line":44,"column":10},"end":{"line":55,"column":3}},"line":44},"4":{"name":"(anonymous_4)","decl":{"start":{"line":49,"column":22},"end":{"line":49,"column":23}},"loc":{"start":{"line":49,"column":36},"end":{"line":51,"column":5}},"line":49},"5":{"name":"(anonymous_5)","decl":{"start":{"line":57,"column":2},"end":{"line":57,"column":3}},"loc":{"start":{"line":57,"column":49},"end":{"line":66,"column":3}},"line":57},"6":{"name":"(anonymous_6)","decl":{"start":{"line":62,"column":24},"end":{"line":62,"column":25}},"loc":{"start":{"line":62,"column":38},"end":{"line":64,"column":7}},"line":62},"7":{"name":"(anonymous_7)","decl":{"start":{"line":68,"column":2},"end":{"line":68,"column":3}},"loc":{"start":{"line":68,"column":67},"end":{"line":70,"column":3}},"line":68},"8":{"name":"(anonymous_8)","decl":{"start":{"line":72,"column":2},"end":{"line":72,"column":3}},"loc":{"start":{"line":72,"column":48},"end":{"line":75,"column":3}},"line":72},"9":{"name":"(anonymous_9)","decl":{"start":{"line":77,"column":2},"end":{"line":77,"column":3}},"loc":{"start":{"line":77,"column":60},"end":{"line":82,"column":3}},"line":77},"10":{"name":"(anonymous_10)","decl":{"start":{"line":84,"column":2},"end":{"line":84,"column":3}},"loc":{"start":{"line":84,"column":59},"end":{"line":89,"column":3}},"line":84},"11":{"name":"(anonymous_11)","decl":{"start":{"line":91,"column":2},"end":{"line":91,"column":3}},"loc":{"start":{"line":91,"column":75},"end":{"line":105,"column":3}},"line":91},"12":{"name":"(anonymous_12)","decl":{"start":{"line":107,"column":2},"end":{"line":107,"column":3}},"loc":{"start":{"line":107,"column":52},"end":{"line":116,"column":3}},"line":107}},"branchMap":{"0":{"loc":{"start":{"line":17,"column":4},"end":{"line":21,"column":5}},"type":"if","locations":[{"start":{"line":17,"column":4},"end":{"line":21,"column":5}},{"start":{"line":17,"column":4},"end":{"line":21,"column":5}}],"line":17},"1":{"loc":{"start":{"line":33,"column":4},"end":{"line":36,"column":5}},"type":"if","locations":[{"start":{"line":33,"column":4},"end":{"line":36,"column":5}},{"start":{"line":33,"column":4},"end":{"line":36,"column":5}}],"line":33},"2":{"loc":{"start":{"line":43,"column":4},"end":{"line":43,"column":86}},"type":"default-arg","locations":[{"start":{"line":43,"column":29},"end":{"line":43,"column":86}}],"line":43},"3":{"loc":{"start":{"line":58,"column":4},"end":{"line":60,"column":5}},"type":"if","locations":[{"start":{"line":58,"column":4},"end":{"line":60,"column":5}},{"start":{"line":58,"column":4},"end":{"line":60,"column":5}}],"line":58},"4":{"loc":{"start":{"line":92,"column":19},"end":{"line":92,"column":84}},"type":"cond-expr","locations":[{"start":{"line":92,"column":34},"end":{"line":92,"column":64}},{"start":{"line":92,"column":67},"end":{"line":92,"column":84}}],"line":92},"5":{"loc":{"start":{"line":94,"column":19},"end":{"line":96,"column":19}},"type":"cond-expr","locations":[{"start":{"line":95,"column":6},"end":{"line":95,"column":77}},{"start":{"line":96,"column":6},"end":{"line":96,"column":19}}],"line":94}},"s":{"0":0,"1":0,"2":0,"3":0,"4":0,"5":0,"6":0,"7":0,"8":0,"9":0,"10":0,"11":0,"12":0,"13":0,"14":0,"15":0,"16":0,"17":0,"18":0,"19":0,"20":0,"21":0,"22":0,"23":0,"24":0,"25":0,"26":0,"27":0,"28":0,"29":0,"30":0,"31":0,"32":0,"33":0,"34":0,"35":0,"36":0,"37":0,"38":0,"39":0,"40":0,"41":0,"42":0,"43":0,"44":0,"45":0,"46":0},"f":{"0":0,"1":0,"2":0,"3":0,"4":0,"5":0,"6":0,"7":0,"8":0,"9":0,"10":0,"11":0,"12":0},"b":{"0":[0,0],"1":[0,0],"2":[0],"3":[0,0],"4":[0,0],"5":[0,0]}}
,"C:\\Work\\fildon\\boids\\src\\ui\\fpsCounter.ts": {"path":"C:\\Work\\fildon\\boids\\src\\ui\\fpsCounter.ts","statementMap":{"0":{"start":{"line":3,"column":4},"end":{"line":3,"column":67}},"1":{"start":{"line":7,"column":28},"end":{"line":7,"column":32}},"2":{"start":{"line":10,"column":35},"end":{"line":10,"column":37}},"3":{"start":{"line":14,"column":4},"end":{"line":14,"column":59}},"4":{"start":{"line":15,"column":4},"end":{"line":15,"column":35}},"5":{"start":{"line":19,"column":4},"end":{"line":19,"column":46}},"6":{"start":{"line":23,"column":24},"end":{"line":23,"column":41}},"7":{"start":{"line":24,"column":23},"end":{"line":26,"column":7}},"8":{"start":{"line":27,"column":4},"end":{"line":29,"column":26}},"9":{"start":{"line":28,"column":28},"end":{"line":28,"column":65}},"10":{"start":{"line":33,"column":4},"end":{"line":33,"column":57}}},"fnMap":{"0":{"name":"(anonymous_0)","decl":{"start":{"line":2,"column":2},"end":{"line":2,"column":3}},"loc":{"start":{"line":2,"column":44},"end":{"line":4,"column":3}},"line":2},"1":{"name":"(anonymous_1)","decl":{"start":{"line":13,"column":2},"end":{"line":13,"column":3}},"loc":{"start":{"line":13,"column":24},"end":{"line":16,"column":3}},"line":13},"2":{"name":"(anonymous_2)","decl":{"start":{"line":18,"column":2},"end":{"line":18,"column":3}},"loc":{"start":{"line":18,"column":28},"end":{"line":20,"column":3}},"line":18},"3":{"name":"(anonymous_3)","decl":{"start":{"line":22,"column":2},"end":{"line":22,"column":3}},"loc":{"start":{"line":22,"column":26},"end":{"line":30,"column":3}},"line":22},"4":{"name":"(anonymous_4)","decl":{"start":{"line":28,"column":6},"end":{"line":28,"column":7}},"loc":{"start":{"line":28,"column":28},"end":{"line":28,"column":65}},"line":28},"5":{"name":"(anonymous_5)","decl":{"start":{"line":32,"column":2},"end":{"line":32,"column":3}},"loc":{"start":{"line":32,"column":27},"end":{"line":34,"column":3}},"line":32}},"branchMap":{"0":{"loc":{"start":{"line":3,"column":11},"end":{"line":3,"column":66}},"type":"binary-expr","locations":[{"start":{"line":3,"column":11},"end":{"line":3,"column":26}},{"start":{"line":3,"column":31},"end":{"line":3,"column":65}}],"line":3},"1":{"loc":{"start":{"line":24,"column":23},"end":{"line":26,"column":7}},"type":"cond-expr","locations":[{"start":{"line":25,"column":6},"end":{"line":25,"column":51}},{"start":{"line":26,"column":6},"end":{"line":26,"column":7}}],"line":24}},"s":{"0":0,"1":0,"2":0,"3":0,"4":0,"5":0,"6":0,"7":0,"8":0,"9":0,"10":0},"f":{"0":0,"1":0,"2":0,"3":0,"4":0,"5":0},"b":{"0":[0,0],"1":[0,0]}}
,"C:\\Work\\fildon\\boids\\src\\ui\\inputHandler.ts": {"path":"C:\\Work\\fildon\\boids\\src\\ui\\inputHandler.ts","statementMap":{"0":{"start":{"line":18,"column":4},"end":{"line":18,"column":25}},"1":{"start":{"line":19,"column":4},"end":{"line":19,"column":33}},"2":{"start":{"line":20,"column":4},"end":{"line":20,"column":37}},"3":{"start":{"line":21,"column":4},"end":{"line":21,"column":73}},"4":{"start":{"line":22,"column":4},"end":{"line":22,"column":71}},"5":{"start":{"line":23,"column":4},"end":{"line":23,"column":69}},"6":{"start":{"line":24,"column":4},"end":{"line":26,"column":7}},"7":{"start":{"line":25,"column":6},"end":{"line":25,"column":35}},"8":{"start":{"line":27,"column":4},"end":{"line":29,"column":7}},"9":{"start":{"line":28,"column":6},"end":{"line":28,"column":30}},"10":{"start":{"line":33,"column":26},"end":{"line":38,"column":5}},"11":{"start":{"line":39,"column":4},"end":{"line":43,"column":5}},"12":{"start":{"line":40,"column":6},"end":{"line":40,"column":39}},"13":{"start":{"line":42,"column":6},"end":{"line":42,"column":37}},"14":{"start":{"line":47,"column":23},"end":{"line":47,"column":25}},"15":{"start":{"line":48,"column":23},"end":{"line":48,"column":25}},"16":{"start":{"line":49,"column":25},"end":{"line":49,"column":27}},"17":{"start":{"line":50,"column":4},"end":{"line":55,"column":5}},"18":{"start":{"line":51,"column":23},"end":{"line":51,"column":47}},"19":{"start":{"line":51,"column":48},"end":{"line":51,"column":54}},"20":{"start":{"line":52,"column":23},"end":{"line":52,"column":46}},"21":{"start":{"line":52,"column":47},"end":{"line":52,"column":53}},"22":{"start":{"line":53,"column":25},"end":{"line":53,"column":47}},"23":{"start":{"line":53,"column":48},"end":{"line":53,"column":54}},"24":{"start":{"line":54,"column":15},"end":{"line":54,"column":22}},"25":{"start":{"line":59,"column":4},"end":{"line":67,"column":5}},"26":{"start":{"line":60,"column":6},"end":{"line":60,"column":38}},"27":{"start":{"line":61,"column":6},"end":{"line":61,"column":47}},"28":{"start":{"line":62,"column":6},"end":{"line":62,"column":47}},"29":{"start":{"line":64,"column":6},"end":{"line":64,"column":71}},"30":{"start":{"line":65,"column":6},"end":{"line":65,"column":46}},"31":{"start":{"line":66,"column":6},"end":{"line":66,"column":49}},"32":{"start":{"line":71,"column":4},"end":{"line":79,"column":5}},"33":{"start":{"line":72,"column":6},"end":{"line":72,"column":38}},"34":{"start":{"line":73,"column":6},"end":{"line":73,"column":46}},"35":{"start":{"line":74,"column":6},"end":{"line":74,"column":46}},"36":{"start":{"line":76,"column":6},"end":{"line":76,"column":71}},"37":{"start":{"line":77,"column":6},"end":{"line":77,"column":45}},"38":{"start":{"line":78,"column":6},"end":{"line":78,"column":48}},"39":{"start":{"line":83,"column":4},"end":{"line":91,"column":5}},"40":{"start":{"line":84,"column":6},"end":{"line":84,"column":39}},"41":{"start":{"line":85,"column":6},"end":{"line":85,"column":45}},"42":{"start":{"line":86,"column":6},"end":{"line":86,"column":45}},"43":{"start":{"line":88,"column":6},"end":{"line":88,"column":73}},"44":{"start":{"line":89,"column":6},"end":{"line":89,"column":44}},"45":{"start":{"line":90,"column":6},"end":{"line":90,"column":47}}},"fnMap":{"0":{"name":"(anonymous_0)","decl":{"start":{"line":13,"column":2},"end":{"line":13,"column":3}},"loc":{"start":{"line":17,"column":4},"end":{"line":30,"column":3}},"line":17},"1":{"name":"(anonymous_1)","decl":{"start":{"line":24,"column":24},"end":{"line":24,"column":25}},"loc":{"start":{"line":24,"column":47},"end":{"line":26,"column":5}},"line":24},"2":{"name":"(anonymous_2)","decl":{"start":{"line":27,"column":37},"end":{"line":27,"column":38}},"loc":{"start":{"line":27,"column":63},"end":{"line":29,"column":5}},"line":27},"3":{"name":"(anonymous_3)","decl":{"start":{"line":32,"column":2},"end":{"line":32,"column":3}},"loc":{"start":{"line":32,"column":51},"end":{"line":44,"column":3}},"line":32},"4":{"name":"(anonymous_4)","decl":{"start":{"line":46,"column":2},"end":{"line":46,"column":3}},"loc":{"start":{"line":46,"column":49},"end":{"line":56,"column":3}},"line":46},"5":{"name":"(anonymous_5)","decl":{"start":{"line":58,"column":2},"end":{"line":58,"column":3}},"loc":{"start":{"line":58,"column":34},"end":{"line":68,"column":3}},"line":58},"6":{"name":"(anonymous_6)","decl":{"start":{"line":70,"column":2},"end":{"line":70,"column":3}},"loc":{"start":{"line":70,"column":33},"end":{"line":80,"column":3}},"line":70},"7":{"name":"(anonymous_7)","decl":{"start":{"line":82,"column":2},"end":{"line":82,"column":3}},"loc":{"start":{"line":82,"column":32},"end":{"line":92,"column":3}},"line":82}},"branchMap":{"0":{"loc":{"start":{"line":39,"column":4},"end":{"line":43,"column":5}},"type":"if","locations":[{"start":{"line":39,"column":4},"end":{"line":43,"column":5}},{"start":{"line":39,"column":4},"end":{"line":43,"column":5}}],"line":39},"1":{"loc":{"start":{"line":39,"column":8},"end":{"line":39,"column":38}},"type":"binary-expr","locations":[{"start":{"line":39,"column":8},"end":{"line":39,"column":21}},{"start":{"line":39,"column":25},"end":{"line":39,"column":38}}],"line":39},"2":{"loc":{"start":{"line":50,"column":4},"end":{"line":55,"column":5}},"type":"switch","locations":[{"start":{"line":51,"column":6},"end":{"line":51,"column":54}},{"start":{"line":52,"column":6},"end":{"line":52,"column":53}},{"start":{"line":53,"column":6},"end":{"line":53,"column":54}},{"start":{"line":54,"column":6},"end":{"line":54,"column":22}}],"line":50},"3":{"loc":{"start":{"line":59,"column":4},"end":{"line":67,"column":5}},"type":"if","locations":[{"start":{"line":59,"column":4},"end":{"line":67,"column":5}},{"start":{"line":59,"column":4},"end":{"line":67,"column":5}}],"line":59},"4":{"loc":{"start":{"line":71,"column":4},"end":{"line":79,"column":5}},"type":"if","locations":[{"start":{"line":71,"column":4},"end":{"line":79,"column":5}},{"start":{"line":71,"column":4},"end":{"line":79,"column":5}}],"line":71},"5":{"loc":{"start":{"line":83,"column":4},"end":{"line":91,"column":5}},"type":"if","locations":[{"start":{"line":83,"column":4},"end":{"line":91,"column":5}},{"start":{"line":83,"column":4},"end":{"line":91,"column":5}}],"line":83}},"s":{"0":0,"1":0,"2":0,"3":0,"4":0,"5":0,"6":0,"7":0,"8":0,"9":0,"10":0,"11":0,"12":0,"13":0,"14":0,"15":0,"16":0,"17":0,"18":0,"19":0,"20":0,"21":0,"22":0,"23":0,"24":0,"25":0,"26":0,"27":0,"28":0,"29":0,"30":0,"31":0,"32":0,"33":0,"34":0,"35":0,"36":0,"37":0,"38":0,"39":0,"40":0,"41":0,"42":0,"43":0,"44":0,"45":0},"f":{"0":0,"1":0,"2":0,"3":0,"4":0,"5":0,"6":0,"7":0},"b":{"0":[0,0],"1":[0,0],"2":[0,0,0,0],"3":[0,0],"4":[0,0],"5":[0,0]}}
}
