TN:
SF:src\entry.ts
FN:3,(anonymous_0)
FNF:1
FNH:0
FNDA:0,(anonymous_0)
DA:3,0
DA:4,0
LF:2
LH:0
BRF:0
BRH:0
end_of_record
TN:
SF:src\creatures\behaviour.ts
FN:5,(anonymous_0)
FN:10,(anonymous_1)
FNF:2
FNH:2
FNDA:72,(anonymous_0)
FNDA:8,(anonymous_1)
DA:11,8
DA:12,8
DA:13,0
DA:18,8
LF:4
LH:3
BRDA:12,0,0,0
BRDA:12,0,1,8
BRF:2
BRH:1
end_of_record
TN:
SF:src\creatures\behaviourControlledCreature.ts
FN:18,(anonymous_0)
FN:36,(anonymous_1)
FN:42,(anonymous_2)
FN:48,(anonymous_3)
FN:49,(anonymous_4)
FN:55,(anonymous_5)
FN:58,(anonymous_6)
FN:60,(anonymous_7)
FN:61,(anonymous_8)
FN:67,(anonymous_9)
FN:74,(anonymous_10)
FN:97,(anonymous_11)
FN:101,(anonymous_12)
FNF:13
FNH:10
FNDA:18,(anonymous_0)
FNDA:0,(anonymous_1)
FNDA:1,(anonymous_2)
FNDA:2,(anonymous_3)
FNDA:0,(anonymous_4)
FNDA:0,(anonymous_5)
FNDA:2,(anonymous_6)
FNDA:8,(anonymous_7)
FNDA:8,(anonymous_8)
FNDA:2,(anonymous_9)
FNDA:2,(anonymous_10)
FNDA:2,(anonymous_11)
FNDA:3,(anonymous_12)
DA:11,18
DA:16,18
DA:23,18
DA:24,18
DA:28,18
DA:29,90
DA:31,18
DA:37,0
DA:43,1
DA:44,1
DA:45,1
DA:49,2
DA:50,2
DA:51,2
DA:52,2
DA:54,0
DA:55,0
DA:59,2
DA:60,8
DA:62,8
DA:68,2
DA:69,2
DA:70,2
DA:71,2
DA:75,2
DA:76,0
DA:78,2
DA:79,2
DA:84,2
DA:86,2
DA:87,2
DA:92,2
DA:98,2
DA:99,0
DA:101,2
DA:102,3
DA:103,3
DA:104,0
DA:109,3
LF:39
LH:33
BRDA:19,0,0,0
BRDA:24,1,0,18
BRDA:24,1,1,18
BRDA:50,2,0,2
BRDA:50,2,1,0
BRDA:62,3,0,8
BRDA:62,3,1,0
BRDA:62,3,2,0
BRDA:75,4,0,0
BRDA:75,4,1,2
BRDA:98,5,0,0
BRDA:98,5,1,2
BRDA:103,6,0,0
BRDA:103,6,1,3
BRF:14
BRH:7
end_of_record
TN:
SF:src\creatures\boid.ts
FN:16,(anonymous_0)
FN:16,(anonymous_1)
FN:17,(anonymous_2)
FN:17,(anonymous_3)
FN:18,(anonymous_4)
FN:18,(anonymous_5)
FN:19,(anonymous_6)
FN:19,(anonymous_7)
FN:22,(anonymous_8)
FN:27,(anonymous_9)
FN:34,(anonymous_10)
FN:58,(anonymous_11)
FN:62,(anonymous_12)
FN:68,(anonymous_13)
FN:70,(anonymous_14)
FN:74,(anonymous_15)
FN:84,(anonymous_16)
FN:91,(anonymous_17)
FN:95,(anonymous_18)
FN:100,(anonymous_19)
FN:112,(anonymous_20)
FN:116,(anonymous_21)
FN:136,(anonymous_22)
FNF:23
FNH:17
FNDA:2,(anonymous_0)
FNDA:0,(anonymous_1)
FNDA:2,(anonymous_2)
FNDA:0,(anonymous_3)
FNDA:2,(anonymous_4)
FNDA:0,(anonymous_5)
FNDA:2,(anonymous_6)
FNDA:0,(anonymous_7)
FNDA:18,(anonymous_8)
FNDA:1,(anonymous_9)
FNDA:2,(anonymous_10)
FNDA:4,(anonymous_11)
FNDA:5,(anonymous_12)
FNDA:3,(anonymous_13)
FNDA:3,(anonymous_14)
FNDA:3,(anonymous_15)
FNDA:3,(anonymous_16)
FNDA:2,(anonymous_17)
FNDA:0,(anonymous_18)
FNDA:0,(anonymous_19)
FNDA:5,(anonymous_20)
FNDA:5,(anonymous_21)
FNDA:1,(anonymous_22)
DA:8,18
DA:9,18
DA:10,18
DA:11,18
DA:12,18
DA:13,18
DA:14,18
DA:15,18
DA:16,2
DA:17,2
DA:18,2
DA:19,2
DA:23,18
DA:24,18
DA:28,1
DA:29,1
DA:31,1
DA:35,2
DA:39,2
DA:40,2
DA:43,0
DA:45,0
DA:49,0
DA:51,0
DA:59,4
DA:62,5
DA:63,4
DA:64,2
DA:67,2
DA:69,3
DA:70,3
DA:74,2
DA:75,3
DA:78,2
DA:85,3
DA:86,3
DA:87,3
DA:88,3
DA:92,2
DA:95,0
DA:96,2
DA:97,2
DA:99,0
DA:101,0
DA:104,0
DA:113,5
DA:116,5
DA:117,5
DA:118,3
DA:121,2
DA:125,2
DA:137,1
LF:52
LH:44
BRDA:17,0,0,0
BRDA:17,0,1,0
BRDA:18,1,0,0
BRDA:18,1,1,0
BRDA:19,2,0,0
BRDA:19,2,1,0
BRDA:28,3,0,1
BRDA:28,3,1,0
BRDA:39,4,0,2
BRDA:39,4,1,0
BRDA:63,5,0,2
BRDA:63,5,1,2
BRDA:96,6,0,2
BRDA:96,6,1,0
BRDA:105,7,0,0
BRDA:105,7,1,0
BRDA:117,8,0,3
BRDA:117,8,1,2
BRDA:129,9,0,0
BRDA:129,9,1,2
BRF:20
BRH:8
end_of_record
TN:
SF:src\creatures\creature.ts
FN:11,(anonymous_0)
FN:17,(anonymous_1)
FN:22,(anonymous_2)
FNF:3
FNH:2
FNDA:0,(anonymous_0)
FNDA:1,(anonymous_1)
FNDA:3,(anonymous_2)
DA:12,0
DA:18,1
DA:19,1
DA:23,3
LF:4
LH:3
BRF:0
BRH:0
end_of_record
TN:
SF:src\creatures\hunter.ts
FN:19,(anonymous_0)
FN:36,(anonymous_1)
FN:41,(anonymous_2)
FN:47,(anonymous_3)
FN:51,(anonymous_4)
FN:54,(anonymous_5)
FN:64,(anonymous_6)
FN:66,(anonymous_7)
FN:77,(anonymous_8)
FNF:9
FNH:4
FNDA:2,(anonymous_0)
FNDA:2,(anonymous_1)
FNDA:0,(anonymous_2)
FNDA:2,(anonymous_3)
FNDA:1,(anonymous_4)
FNDA:0,(anonymous_5)
FNDA:0,(anonymous_6)
FNDA:0,(anonymous_7)
FNDA:0,(anonymous_8)
DA:8,2
DA:9,2
DA:10,2
DA:11,2
DA:12,2
DA:13,2
DA:14,2
DA:16,2
DA:24,2
DA:25,2
DA:29,2
DA:30,10
DA:32,2
DA:33,2
DA:37,2
DA:38,2
DA:42,0
DA:43,0
DA:44,0
DA:48,2
DA:51,1
DA:55,0
DA:56,0
DA:57,0
DA:58,0
DA:59,0
DA:66,0
DA:67,0
DA:70,0
DA:72,0
DA:73,0
DA:74,0
DA:78,0
DA:79,0
DA:80,0
DA:81,0
DA:83,0
DA:84,0
DA:85,0
DA:86,0
DA:87,0
LF:41
LH:18
BRDA:20,0,0,0
BRDA:25,1,0,2
BRDA:25,1,1,2
BRF:3
BRH:2
end_of_record
TN:
SF:src\creatures\priority.ts
FN:4,(anonymous_0)
FNF:1
FNH:0
FNDA:0,(anonymous_0)
LF:0
LH:0
BRF:0
BRH:0
end_of_record
TN:
SF:src\geometry\vector.ts
FN:4,(anonymous_0)
FN:8,(anonymous_1)
FN:15,(anonymous_2)
FN:28,(anonymous_3)
FN:34,(anonymous_4)
FN:38,(anonymous_5)
FN:42,(anonymous_6)
FN:60,(anonymous_7)
FN:68,(anonymous_8)
FN:75,(anonymous_9)
FN:79,(anonymous_10)
FN:83,(anonymous_11)
FN:87,(anonymous_12)
FN:91,(anonymous_13)
FN:97,(anonymous_14)
FN:101,(anonymous_15)
FN:112,(anonymous_16)
FN:116,(anonymous_17)
FNF:18
FNH:15
FNDA:3,(anonymous_0)
FNDA:3,(anonymous_1)
FNDA:3,(anonymous_2)
FNDA:151,(anonymous_3)
FNDA:1,(anonymous_4)
FNDA:14,(anonymous_5)
FNDA:27,(anonymous_6)
FNDA:2,(anonymous_7)
FNDA:5,(anonymous_8)
FNDA:8,(anonymous_9)
FNDA:0,(anonymous_10)
FNDA:1,(anonymous_11)
FNDA:15,(anonymous_12)
FNDA:8,(anonymous_13)
FNDA:4,(anonymous_14)
FNDA:2,(anonymous_15)
FNDA:0,(anonymous_16)
FNDA:0,(anonymous_17)
DA:5,3
DA:6,1
DA:8,2
DA:9,3
DA:12,2
DA:16,3
DA:17,0
DA:19,3
DA:29,151
DA:30,151
DA:31,151
DA:35,1
DA:39,14
DA:43,27
DA:44,27
DA:45,1
DA:47,27
DA:48,1
DA:50,27
DA:51,27
DA:52,1
DA:54,27
DA:55,1
DA:57,27
DA:61,2
DA:69,5
DA:76,8
DA:80,0
DA:84,1
DA:88,15
DA:92,8
DA:98,4
DA:102,2
DA:104,1
DA:106,1
DA:113,0
DA:117,0
LF:37
LH:33
BRDA:5,0,0,1
BRDA:5,0,1,2
BRDA:16,1,0,0
BRDA:16,1,1,3
BRDA:28,2,0,22
BRDA:28,3,0,22
BRDA:44,4,0,1
BRDA:44,4,1,26
BRDA:47,5,0,1
BRDA:47,5,1,26
BRDA:51,6,0,1
BRDA:51,6,1,26
BRDA:54,7,0,1
BRDA:54,7,1,26
BRDA:84,8,0,1
BRDA:84,8,1,1
BRDA:92,9,0,7
BRDA:92,9,1,1
BRDA:102,10,0,1
BRDA:102,10,1,1
BRDA:102,11,0,2
BRDA:102,11,1,1
BRF:22
BRH:21
end_of_record
TN:
SF:src\geometry\weightedVector.ts
FN:4,(anonymous_0)
FN:8,(anonymous_1)
FN:21,(anonymous_2)
FNF:3
FNH:3
FNDA:2,(anonymous_0)
FNDA:3,(anonymous_1)
FNDA:16,(anonymous_2)
DA:5,2
DA:6,0
DA:8,2
DA:9,3
DA:18,2
LF:5
LH:4
BRDA:5,0,0,0
BRDA:5,0,1,2
BRDA:22,1,0,9
BRDA:23,2,0,9
BRF:4
BRH:3
end_of_record
TN:
SF:src\neural\connection.ts
FN:8,(anonymous_0)
FN:14,(anonymous_1)
FNF:2
FNH:1
FNDA:18,(anonymous_0)
FNDA:0,(anonymous_1)
DA:9,18
DA:10,18
DA:11,18
DA:15,0
LF:4
LH:3
BRDA:8,0,0,18
BRF:1
BRH:1
end_of_record
TN:
SF:src\neural\layer.ts
FN:6,(anonymous_0)
FN:13,(anonymous_1)
FN:14,(anonymous_2)
FN:15,(anonymous_3)
FN:21,(anonymous_4)
FN:27,(anonymous_5)
FN:28,(anonymous_6)
FN:31,(anonymous_7)
FN:32,(anonymous_8)
FNF:9
FNH:4
FNDA:9,(anonymous_0)
FNDA:6,(anonymous_1)
FNDA:10,(anonymous_2)
FNDA:18,(anonymous_3)
FNDA:0,(anonymous_4)
FNDA:0,(anonymous_5)
FNDA:0,(anonymous_6)
FNDA:0,(anonymous_7)
FNDA:0,(anonymous_8)
DA:7,9
DA:8,9
DA:9,12
DA:14,6
DA:15,10
DA:16,18
DA:22,0
DA:23,0
DA:28,0
DA:32,0
LF:10
LH:6
BRF:0
BRH:0
end_of_record
TN:
SF:src\neural\net.ts
FN:6,(anonymous_0)
FN:21,(anonymous_1)
FN:29,(anonymous_2)
FNF:3
FNH:1
FNDA:3,(anonymous_0)
FNDA:0,(anonymous_1)
FNDA:0,(anonymous_2)
DA:9,3
DA:10,3
DA:12,3
DA:13,3
DA:14,6
DA:15,6
DA:16,6
DA:17,6
DA:22,0
DA:23,0
DA:24,0
DA:26,0
DA:30,0
LF:13
LH:8
BRF:0
BRH:0
end_of_record
TN:
SF:src\neural\neuron.ts
FN:8,(anonymous_0)
FN:14,(anonymous_1)
FN:18,(anonymous_2)
FN:22,(anonymous_3)
FN:29,(anonymous_4)
FN:33,(anonymous_5)
FN:36,(anonymous_6)
FN:44,(anonymous_7)
FN:47,(anonymous_8)
FNF:9
FNH:4
FNDA:12,(anonymous_0)
FNDA:18,(anonymous_1)
FNDA:18,(anonymous_2)
FNDA:18,(anonymous_3)
FNDA:0,(anonymous_4)
FNDA:0,(anonymous_5)
FNDA:0,(anonymous_6)
FNDA:0,(anonymous_7)
FNDA:0,(anonymous_8)
DA:9,12
DA:10,12
DA:11,12
DA:15,18
DA:19,18
DA:23,18
DA:24,18
DA:25,18
DA:30,0
DA:35,0
DA:36,0
DA:40,0
DA:41,0
DA:46,0
DA:47,0
DA:51,0
DA:52,0
DA:53,0
DA:54,0
DA:56,0
DA:57,0
DA:58,0
DA:60,0
LF:23
LH:8
BRDA:41,0,0,0
BRDA:41,0,1,0
BRDA:52,1,0,0
BRDA:52,1,1,0
BRDA:56,2,0,0
BRDA:56,2,1,0
BRF:6
BRH:0
end_of_record
TN:
SF:src\stateManagement\config.ts
FNF:0
FNH:0
DA:1,3
LF:1
LH:1
BRF:0
BRH:0
end_of_record
TN:
SF:src\stateManagement\creatureStorage.ts
FN:15,(anonymous_0)
FN:19,(anonymous_1)
FN:21,(anonymous_2)
FN:34,(anonymous_3)
FN:45,(anonymous_4)
FN:56,(anonymous_5)
FN:57,(anonymous_6)
FN:62,(anonymous_7)
FN:63,(anonymous_8)
FN:68,(anonymous_9)
FN:72,(anonymous_10)
FN:74,(anonymous_11)
FN:80,(anonymous_12)
FN:82,(anonymous_13)
FN:88,(anonymous_14)
FN:105,(anonymous_15)
FN:109,(anonymous_16)
FN:113,(anonymous_17)
FN:117,(anonymous_18)
FNF:19
FNH:14
FNDA:12,(anonymous_0)
FNDA:18,(anonymous_1)
FNDA:14,(anonymous_2)
FNDA:2,(anonymous_3)
FNDA:18,(anonymous_4)
FNDA:0,(anonymous_5)
FNDA:0,(anonymous_6)
FNDA:2,(anonymous_7)
FNDA:3,(anonymous_8)
FNDA:0,(anonymous_9)
FNDA:2,(anonymous_10)
FNDA:0,(anonymous_11)
FNDA:13,(anonymous_12)
FNDA:14,(anonymous_13)
FNDA:15,(anonymous_14)
FNDA:0,(anonymous_15)
FNDA:2,(anonymous_16)
FNDA:1,(anonymous_17)
FNDA:18,(anonymous_18)
DA:8,12
DA:9,12
DA:10,12
DA:11,12
DA:12,12
DA:13,12
DA:16,12
DA:20,18
DA:21,18
DA:22,14
DA:26,14
DA:30,14
DA:35,2
DA:40,2
DA:41,2
DA:42,2
DA:46,18
DA:51,18
DA:52,18
DA:53,18
DA:57,0
DA:58,0
DA:63,2
DA:64,3
DA:69,0
DA:73,2
DA:75,0
DA:81,13
DA:83,14
DA:89,15
DA:90,15
DA:91,15
DA:92,15
DA:93,15
DA:94,15
DA:95,15
DA:96,15
DA:97,15
DA:98,59
DA:99,247
DA:102,15
DA:106,0
DA:110,2
DA:114,1
DA:118,18
DA:119,18
DA:120,18
DA:121,18
DA:122,180
DA:123,180
DA:124,1800
DA:126,180
LF:52
LH:47
BRDA:75,0,0,0
BRDA:75,0,1,0
BRDA:83,1,0,14
BRDA:83,1,1,12
BRF:4
BRH:2
end_of_record
TN:
SF:src\stateManagement\simulationManager.ts
FN:12,(anonymous_0)
FN:20,(anonymous_1)
FN:21,(anonymous_2)
FN:33,(anonymous_3)
FN:37,(anonymous_4)
FN:41,(anonymous_5)
FN:45,(anonymous_6)
FN:57,(anonymous_7)
FN:60,(anonymous_8)
FN:70,(anonymous_9)
FN:82,(anonymous_10)
FN:89,(anonymous_11)
FNF:12
FNH:0
FNDA:0,(anonymous_0)
FNDA:0,(anonymous_1)
FNDA:0,(anonymous_2)
FNDA:0,(anonymous_3)
FNDA:0,(anonymous_4)
FNDA:0,(anonymous_5)
FNDA:0,(anonymous_6)
FNDA:0,(anonymous_7)
FNDA:0,(anonymous_8)
FNDA:0,(anonymous_9)
FNDA:0,(anonymous_10)
FNDA:0,(anonymous_11)
DA:11,0
DA:13,0
DA:14,0
DA:15,0
DA:17,0
DA:18,0
DA:20,0
DA:21,0
DA:24,0
DA:25,0
DA:26,0
DA:28,0
DA:29,0
DA:34,0
DA:38,0
DA:42,0
DA:46,0
DA:47,0
DA:48,0
DA:49,0
DA:51,0
DA:52,0
DA:53,0
DA:56,0
DA:57,0
DA:61,0
DA:62,0
DA:63,0
DA:65,0
DA:66,0
DA:71,0
DA:74,0
DA:77,0
DA:83,0
DA:84,0
DA:85,0
DA:90,0
DA:91,0
DA:92,0
LF:39
LH:0
BRDA:14,0,0,0
BRDA:14,0,1,0
BRDA:84,1,0,0
BRDA:84,1,1,0
BRDA:91,2,0,0
BRDA:91,2,1,0
BRF:6
BRH:0
end_of_record
TN:
SF:src\ui\canvas.ts
FN:12,(anonymous_0)
FN:28,(anonymous_1)
FN:32,(anonymous_2)
FN:41,(anonymous_3)
FN:49,(anonymous_4)
FN:57,(anonymous_5)
FN:62,(anonymous_6)
FN:68,(anonymous_7)
FN:72,(anonymous_8)
FN:77,(anonymous_9)
FN:84,(anonymous_10)
FN:91,(anonymous_11)
FN:107,(anonymous_12)
FNF:13
FNH:0
FNDA:0,(anonymous_0)
FNDA:0,(anonymous_1)
FNDA:0,(anonymous_2)
FNDA:0,(anonymous_3)
FNDA:0,(anonymous_4)
FNDA:0,(anonymous_5)
FNDA:0,(anonymous_6)
FNDA:0,(anonymous_7)
FNDA:0,(anonymous_8)
FNDA:0,(anonymous_9)
FNDA:0,(anonymous_10)
FNDA:0,(anonymous_11)
FNDA:0,(anonymous_12)
DA:13,0
DA:14,0
DA:15,0
DA:16,0
DA:17,0
DA:18,0
DA:20,0
DA:22,0
DA:23,0
DA:25,0
DA:29,0
DA:33,0
DA:34,0
DA:35,0
DA:37,0
DA:38,0
DA:45,0
DA:46,0
DA:47,0
DA:48,0
DA:49,0
DA:50,0
DA:53,0
DA:54,0
DA:58,0
DA:59,0
DA:61,0
DA:62,0
DA:63,0
DA:69,0
DA:73,0
DA:74,0
DA:78,0
DA:85,0
DA:92,0
DA:93,0
DA:94,0
DA:97,0
DA:98,0
DA:103,0
DA:104,0
DA:108,0
DA:109,0
DA:110,0
DA:114,0
DA:115,0
LF:46
LH:0
BRDA:17,0,0,0
BRDA:17,0,1,0
BRDA:33,1,0,0
BRDA:33,1,1,0
BRDA:43,2,0,0
BRDA:58,3,0,0
BRDA:58,3,1,0
BRDA:92,4,0,0
BRDA:92,4,1,0
BRDA:94,5,0,0
BRDA:94,5,1,0
BRF:11
BRH:0
end_of_record
TN:
SF:src\ui\fpsCounter.ts
FN:2,(anonymous_0)
FN:13,(anonymous_1)
FN:18,(anonymous_2)
FN:22,(anonymous_3)
FN:28,(anonymous_4)
FN:32,(anonymous_5)
FNF:6
FNH:0
FNDA:0,(anonymous_0)
FNDA:0,(anonymous_1)
FNDA:0,(anonymous_2)
FNDA:0,(anonymous_3)
FNDA:0,(anonymous_4)
FNDA:0,(anonymous_5)
DA:3,0
DA:7,0
DA:10,0
DA:14,0
DA:15,0
DA:19,0
DA:23,0
DA:24,0
DA:27,0
DA:28,0
DA:33,0
LF:11
LH:0
BRDA:3,0,0,0
BRDA:3,0,1,0
BRDA:24,1,0,0
BRDA:24,1,1,0
BRF:4
BRH:0
end_of_record
TN:
SF:src\ui\inputHandler.ts
FN:13,(anonymous_0)
FN:24,(anonymous_1)
FN:27,(anonymous_2)
FN:32,(anonymous_3)
FN:46,(anonymous_4)
FN:58,(anonymous_5)
FN:70,(anonymous_6)
FN:82,(anonymous_7)
FNF:8
FNH:0
FNDA:0,(anonymous_0)
FNDA:0,(anonymous_1)
FNDA:0,(anonymous_2)
FNDA:0,(anonymous_3)
FNDA:0,(anonymous_4)
FNDA:0,(anonymous_5)
FNDA:0,(anonymous_6)
FNDA:0,(anonymous_7)
DA:18,0
DA:19,0
DA:20,0
DA:21,0
DA:22,0
DA:23,0
DA:24,0
DA:25,0
DA:27,0
DA:28,0
DA:33,0
DA:39,0
DA:40,0
DA:42,0
DA:47,0
DA:48,0
DA:49,0
DA:50,0
DA:51,0
DA:52,0
DA:53,0
DA:54,0
DA:59,0
DA:60,0
DA:61,0
DA:62,0
DA:64,0
DA:65,0
DA:66,0
DA:71,0
DA:72,0
DA:73,0
DA:74,0
DA:76,0
DA:77,0
DA:78,0
DA:83,0
DA:84,0
DA:85,0
DA:86,0
DA:88,0
DA:89,0
DA:90,0
LF:43
LH:0
BRDA:39,0,0,0
BRDA:39,0,1,0
BRDA:39,1,0,0
BRDA:39,1,1,0
BRDA:50,2,0,0
BRDA:50,2,1,0
BRDA:50,2,2,0
BRDA:50,2,3,0
BRDA:59,3,0,0
BRDA:59,3,1,0
BRDA:71,4,0,0
BRDA:71,4,1,0
BRDA:83,5,0,0
BRDA:83,5,1,0
BRF:14
BRH:0
end_of_record
